#
# A fatal error has been detected by the Java Runtime Environment:
#
#  EXCEPTION_ACCESS_VIOLATION (0xc0000005) at pc=0x00007fffc2b6b7f6, pid=4164, tid=10652
#
# JRE version: OpenJDK Runtime Environment Corretto-11.0.14.10.1 (11.0.14.1+10) (build 11.0.14.1+10-LTS)
# Java VM: OpenJDK 64-Bit Server VM Corretto-11.0.14.10.1 (11.0.14.1+10-LTS, mixed mode, tiered, compressed oops, g1 gc, windows-amd64)
# Problematic frame:
# C  [glass.dll+0x1b7f6]
#
# No core dump will be written. Minidumps are not enabled by default on client versions of Windows
#
# If you would like to submit a bug report, please visit:
#   https://github.com/corretto/corretto-11/issues/
# The crash happened outside the Java Virtual Machine in native code.
# See problematic frame for where to report the bug.
#

---------------  S U M M A R Y ------------

Command Line: -javaagent:C:\Program Files\JetBrains\IntelliJ IDEA Community Edition 2021.3.2\lib\idea_rt.jar=50673:C:\Program Files\JetBrains\IntelliJ IDEA Community Edition 2021.3.2\bin -Dfile.encoding=UTF-8 --module-path=C:\Users\hello2\.m2\repository\org\openjfx\javafx-graphics\11.0.2\javafx-graphics-11.0.2-win.jar;C:\Users\hello2\.m2\repository\org\openjfx\javafx-web\11.0.2\javafx-web-11.0.2-win.jar;C:\Users\hello2\.m2\repository\eu\hansolo\tilesfx\11.48\tilesfx-11.48.jar;C:\Users\hello2\.m2\repository\org\openjfx\javafx-fxml\11.0.2\javafx-fxml-11.0.2-win.jar;C:\Users\hello2\.m2\repository\org\controlsfx\controlsfx\11.1.0\controlsfx-11.1.0.jar;C:\Users\hello2\.m2\repository\org\openjfx\javafx-controls\11.0.2\javafx-controls-11.0.2-win.jar;C:\Users\hello2\.m2\repository\org\kordamp\ikonli\ikonli-javafx\12.2.0\ikonli-javafx-12.2.0.jar;C:\Users\hello2\.m2\repository\net\synedra\validatorfx\0.1.13\validatorfx-0.1.13.jar;C:\Users\hello2\.m2\repository\org\openjfx\javafx-base\11.0.2\javafx-base-11.0.2-win.jar;C:\Users\hello2\.m2\repository\org\kordamp\ikonli\ikonli-core\12.2.0\ikonli-core-12.2.0.jar;C:\Users\hello2\IdeaProjects\TodoT\target\classes;C:\Users\hello2\.m2\repository\org\openjfx\javafx-media\11.0.2\javafx-media-11.0.2-win.jar;C:\Users\hello2\.m2\repository\org\kordamp\bootstrapfx\bootstrapfx-core\0.4.0\bootstrapfx-core-0.4.0.jar;C:\Users\hello2\.m2\repository\com\dlsc\formsfx\formsfx-core\11.3.2\formsfx-core-11.3.2.jar -Djdk.module.main=com.example.todot com.example.todot/com.example.todot.HelloApplication

Host: Intel(R) Core(TM) i7-7600U CPU @ 2.80GHz, 4 cores, 15G,  Windows 10 , 64 bit Build 19041 (10.0.19041.2913)
Time: Wed May 17 04:50:55 2023 Eastern Daylight Time elapsed time: 27.619869 seconds (0d 0h 0m 27s)

---------------  T H R E A D  ---------------

Current thread (0x000002bb18076800):  JavaThread "JavaFX Application Thread" [_thread_in_native, id=10652, stack(0x000000fa1c800000,0x000000fa1c900000)]

Stack: [0x000000fa1c800000,0x000000fa1c900000],  sp=0x000000fa1c8fc200,  free space=1008k
Native frames: (J=compiled Java code, j=interpreted, Vv=VM code, C=native code)
C  [glass.dll+0x1b7f6]

Java frames: (J=compiled Java code, j=interpreted, Vv=VM code)
j  com.sun.glass.ui.win.WinWindow._close(J)Z+0 javafx.graphics
j  com.sun.glass.ui.Window.close()V+63 javafx.graphics
j  com.sun.glass.ui.win.WinWindow.close()V+8 javafx.graphics
j  com.sun.glass.ui.Application.terminate()V+75 javafx.graphics
j  com.sun.javafx.tk.quantum.QuantumToolkit.lambda$exit$13()Ljava/lang/Object;+5 javafx.graphics
j  com.sun.javafx.tk.quantum.QuantumToolkit$$Lambda$773.get()Ljava/lang/Object;+0 javafx.graphics
j  com.sun.javafx.tk.quantum.QuantumToolkit.runWithRenderLock(Ljava/util/function/Supplier;)Ljava/lang/Object;+7 javafx.graphics
j  com.sun.javafx.tk.quantum.QuantumToolkit.exit()V+26 javafx.graphics
j  com.sun.javafx.application.PlatformImpl.lambda$tkExit$16()V+3 javafx.graphics
j  com.sun.javafx.application.PlatformImpl$$Lambda$772.run()V+0 javafx.graphics
j  com.sun.javafx.application.PlatformImpl.lambda$runAndWait$12(Ljava/lang/Runnable;Ljava/util/concurrent/CountDownLatch;)V+1 javafx.graphics
j  com.sun.javafx.application.PlatformImpl$$Lambda$108.run()V+8 javafx.graphics
j  com.sun.javafx.application.PlatformImpl.lambda$runLater$10(Ljava/lang/Runnable;)Ljava/lang/Void;+1 javafx.graphics
j  com.sun.javafx.application.PlatformImpl$$Lambda$110.run()Ljava/lang/Object;+4 javafx.graphics
v  ~StubRoutines::call_stub
J 2317  java.security.AccessController.doPrivileged(Ljava/security/PrivilegedAction;Ljava/security/AccessControlContext;)Ljava/lang/Object; java.base@11.0.14.1 (0 bytes) @ 0x000002bb07bcd036 [0x000002bb07bccfc0+0x0000000000000076]
j  com.sun.javafx.application.PlatformImpl.lambda$runLater$11(Ljava/lang/Runnable;Ljava/security/AccessControlContext;)V+7 javafx.graphics
j  com.sun.javafx.application.PlatformImpl$$Lambda$109.run()V+8 javafx.graphics
J 3315 c1 com.sun.glass.ui.InvokeLaterDispatcher$Future.run()V javafx.graphics (91 bytes) @ 0x000002bb00bda334 [0x000002bb00bda220+0x0000000000000114]
v  ~StubRoutines::call_stub
j  com.sun.glass.ui.win.WinApplication._runLoop(Ljava/lang/Runnable;)V+0 javafx.graphics
j  com.sun.glass.ui.win.WinApplication.lambda$runLoop$3(ILjava/lang/Runnable;)V+8 javafx.graphics
j  com.sun.glass.ui.win.WinApplication$$Lambda$98.run()V+12 javafx.graphics
j  java.lang.Thread.run()V+11 java.base@11.0.14.1
v  ~StubRoutines::call_stub

siginfo: EXCEPTION_ACCESS_VIOLATION (0xc0000005), reading address 0x0000000000000130


Register to memory mapping:

RIP=0x00007fffc2b6b7f6 glass.dll
RAX=0x0 is NULL
RBX=0x0 is NULL
RCX=0x0 is NULL
RDX=0x0 is NULL
RSP=0x000000fa1c8fc200 is pointing into the stack for thread: 0x000002bb18076800
RBP=0x0 is NULL
RSI=0x000002bb183e6590 points into unknown readable memory: 0x00007fffc2b78c48 | 48 8c b7 c2 ff 7f 00 00
RDI=0x000000fa1c8fc570 is pointing into the stack for thread: 0x000002bb18076800
R8 =0x000000fa1c8fc570 is pointing into the stack for thread: 0x000002bb18076800
R9 =0x0 is NULL
R10=0x00007fffc2b78c48 glass.dll
R11=0x0000000000000246 is an unknown value
R12=0x0 is NULL
R13=0x0000000000000401 is an unknown value
R14=0x0 is NULL
R15=0x0 is NULL


Registers:
RAX=0x0000000000000000, RBX=0x0000000000000000, RCX=0x0000000000000000, RDX=0x0000000000000000
RSP=0x000000fa1c8fc200, RBP=0x0000000000000000, RSI=0x000002bb183e6590, RDI=0x000000fa1c8fc570
R8 =0x000000fa1c8fc570, R9 =0x0000000000000000, R10=0x00007fffc2b78c48, R11=0x0000000000000246
R12=0x0000000000000000, R13=0x0000000000000401, R14=0x0000000000000000, R15=0x0000000000000000
RIP=0x00007fffc2b6b7f6, EFLAGS=0x0000000000010206

Top of Stack: (sp=0x000000fa1c8fc200)
0x000000fa1c8fc200:   0000000000000578 0000000000000000
0x000000fa1c8fc210:   0000000000000000 000000fa1c8fc220
0x000000fa1c8fc220:   000000fa1c8fc570 00007fffc2b6a231
0x000000fa1c8fc230:   0000000000000401 000002bb183e6590
0x000000fa1c8fc240:   0000000000000000 0000000000000000
0x000000fa1c8fc250:   000000fa1c8fc570 00007fffc2b5a2ad
0x000000fa1c8fc260:   0000000000000401 00007fffe9799fe1
0x000000fa1c8fc270:   0000000000000000 0000000000000001
0x000000fa1c8fc280:   fffffffffffffffe 0000000080000022
0x000000fa1c8fc290:   0000000000000000 00007fffc2b51808
0x000000fa1c8fc2a0:   000002bb183e6590 000000fa1c8fc570
0x000000fa1c8fc2b0:   0000000000000401 00000000004b0b86
0x000000fa1c8fc2c0:   0000000000000000 00007fffe979e858
0x000000fa1c8fc2d0:   0000000000000001 000000fa1c8fc4c0
0x000000fa1c8fc2e0:   0000000000000000 0000000080000022
0x000000fa1c8fc2f0:   000002bb18076800 00000000000000b6 

Instructions: (pc=0x00007fffc2b6b7f6)
0x00007fffc2b6b6f6:   85 c0 74 08 48 8b c8 e8 ee 00 00 00 48 c7 05 f3
0x00007fffc2b6b706:   16 02 00 00 00 00 00 48 83 c4 28 c3 cc cc cc cc
0x00007fffc2b6b716:   cc cc cc cc cc cc cc cc cc cc 48 89 5c 24 08 57
0x00007fffc2b6b726:   48 83 ec 30 48 8b fa 48 8b d9 48 39 91 30 01 00
0x00007fffc2b6b736:   00 0f 84 a5 00 00 00 e8 ae 00 00 00 48 8b 93 30
0x00007fffc2b6b746:   01 00 00 48 85 d2 75 04 48 8b 53 08 48 89 54 24
0x00007fffc2b6b756:   20 4c 8b c7 48 85 ff 75 04 4c 8b 43 08 48 8d 0d
0x00007fffc2b6b766:   56 f9 00 00 4c 89 44 24 28 e8 4c 7f fe ff 48 8b
0x00007fffc2b6b776:   4c 24 20 4c 8d 44 24 20 48 8d 15 db f7 ff ff ff
0x00007fffc2b6b786:   15 e5 0f 02 00 48 8b 05 4e 13 02 00 48 85 c0 75
0x00007fffc2b6b796:   04 33 c9 eb 03 8b 48 40 4c 8d 44 24 20 48 8d 15
0x00007fffc2b6b7a6:   f6 f7 ff ff ff 15 c8 0f 02 00 48 89 bb 30 01 00
0x00007fffc2b6b7b6:   00 e8 04 36 00 00 4c 8b 05 bd 16 02 00 48 8b c8
0x00007fffc2b6b7c6:   48 8b 93 c0 00 00 00 4c 8b cf e8 5b 98 fe ff e8
0x00007fffc2b6b7d6:   e6 35 00 00 48 8b c8 e8 fe 34 00 00 48 8b 5c 24
0x00007fffc2b6b7e6:   40 48 83 c4 30 5f c3 cc cc cc 40 57 48 83 ec 20
0x00007fffc2b6b7f6:   48 8b 81 30 01 00 00 48 8b f9 48 85 c0 75 04 48
0x00007fffc2b6b806:   8b 41 08 48 3b 05 f0 15 02 00 75 3b 48 89 5c 24
0x00007fffc2b6b816:   30 e8 a4 35 00 00 4c 8b 05 4d 16 02 00 48 8b c8
0x00007fffc2b6b826:   48 8b 97 c0 00 00 00 48 8b d8 e8 fb 97 fe ff 48
0x00007fffc2b6b836:   8b cb e8 a3 34 00 00 48 8b 5c 24 30 48 c7 05 b3
0x00007fffc2b6b846:   15 02 00 00 00 00 00 48 83 c4 20 5f c3 cc cc cc
0x00007fffc2b6b856:   cc cc cc cc cc cc cc cc cc cc 40 53 48 83 ec 50
0x00007fffc2b6b866:   48 8b 05 53 e9 01 00 48 33 c4 48 89 44 24 40 48
0x00007fffc2b6b876:   8b d9 48 8b 49 08 ff 15 66 0e 02 00 85 c0 0f 85
0x00007fffc2b6b886:   21 01 00 00 48 8b 4b 08 48 8d 54 24 30 ff 15 8f
0x00007fffc2b6b896:   0c 02 00 48 8b 4b 08 48 8d 54 24 20 ff 15 e8 0c
0x00007fffc2b6b8a6:   02 00 48 8b 4b 08 4c 8d 44 24 20 41 b9 02 00 00
0x00007fffc2b6b8b6:   00 33 d2 ff 15 d9 0c 02 00 8b 44 24 24 2b 44 24
0x00007fffc2b6b8c6:   34 44 8b 44 24 20 44 2b 44 24 30 8b 54 24 3c 2b
0x00007fffc2b6b8d6:   54 24 2c 8b 4c 24 38 2b 4c 24 28 89 83 1c 01 00
0x00007fffc2b6b8e6:   00 44 89 83 18 01 00 00 89 93 24 01 00 00 89 8b 


Stack slot to memory mapping:
stack at sp + 0 slots: 0x0000000000000578 is an unknown value
stack at sp + 1 slots: 0x0 is NULL
stack at sp + 2 slots: 0x0 is NULL
stack at sp + 3 slots: 0x000000fa1c8fc220 is pointing into the stack for thread: 0x000002bb18076800
stack at sp + 4 slots: 0x000000fa1c8fc570 is pointing into the stack for thread: 0x000002bb18076800
stack at sp + 5 slots: 0x00007fffc2b6a231 glass.dll
stack at sp + 6 slots: 0x0000000000000401 is an unknown value
stack at sp + 7 slots: 0x000002bb183e6590 points into unknown readable memory: 0x00007fffc2b78c48 | 48 8c b7 c2 ff 7f 00 00


---------------  P R O C E S S  ---------------

Threads class SMR info:
_java_thread_list=0x000002bb18da1d60, length=18, elements={
0x000002bb7300c000, 0x000002bb17763800, 0x000002bb17764000, 0x000002bb177c9800,
0x000002bb177ca800, 0x000002bb177cf000, 0x000002bb177d2000, 0x000002bb177d8000,
0x000002bb1783c000, 0x000002bb7fc19800, 0x000002bb17ebe000, 0x000002bb180f0800,
0x000002bb18039800, 0x000002bb18076800, 0x000002bb182c5800, 0x000002bb17f7f800,
0x000002bb18bef800, 0x000002bb18bd9800
}

Java Threads: ( => current thread )
  0x000002bb7300c000 JavaThread "main" [_thread_blocked, id=7368, stack(0x000000fa1b000000,0x000000fa1b100000)]
  0x000002bb17763800 JavaThread "Reference Handler" daemon [_thread_blocked, id=18448, stack(0x000000fa1b700000,0x000000fa1b800000)]
  0x000002bb17764000 JavaThread "Finalizer" daemon [_thread_blocked, id=2528, stack(0x000000fa1b800000,0x000000fa1b900000)]
  0x000002bb177c9800 JavaThread "Signal Dispatcher" daemon [_thread_blocked, id=21276, stack(0x000000fa1b900000,0x000000fa1ba00000)]
  0x000002bb177ca800 JavaThread "Attach Listener" daemon [_thread_blocked, id=16188, stack(0x000000fa1ba00000,0x000000fa1bb00000)]
  0x000002bb177cf000 JavaThread "Service Thread" daemon [_thread_blocked, id=12912, stack(0x000000fa1bb00000,0x000000fa1bc00000)]
  0x000002bb177d2000 JavaThread "C2 CompilerThread0" daemon [_thread_blocked, id=15972, stack(0x000000fa1bc00000,0x000000fa1bd00000)]
  0x000002bb177d8000 JavaThread "C1 CompilerThread0" daemon [_thread_blocked, id=18648, stack(0x000000fa1bd00000,0x000000fa1be00000)]
  0x000002bb1783c000 JavaThread "Sweeper thread" daemon [_thread_blocked, id=20572, stack(0x000000fa1be00000,0x000000fa1bf00000)]
  0x000002bb7fc19800 JavaThread "Common-Cleaner" daemon [_thread_blocked, id=16528, stack(0x000000fa1bf00000,0x000000fa1c000000)]
  0x000002bb17ebe000 JavaThread "Monitor Ctrl-Break" daemon [_thread_in_native, id=21884, stack(0x000000fa1c100000,0x000000fa1c200000)]
  0x000002bb180f0800 JavaThread "QuantumRenderer-0" daemon [_thread_blocked, id=18880, stack(0x000000fa1c600000,0x000000fa1c700000)]
  0x000002bb18039800 JavaThread "InvokeLaterDispatcher" daemon [_thread_blocked, id=1500, stack(0x000000fa1c700000,0x000000fa1c800000)]
=>0x000002bb18076800 JavaThread "JavaFX Application Thread" [_thread_in_native, id=10652, stack(0x000000fa1c800000,0x000000fa1c900000)]
  0x000002bb182c5800 JavaThread "Thread-1" daemon [_thread_in_native, id=14132, stack(0x000000fa1cc00000,0x000000fa1cd00000)]
  0x000002bb17f7f800 JavaThread "JavaFX-Launcher" [_thread_blocked, id=4296, stack(0x000000fa1cd00000,0x000000fa1ce00000)]
  0x000002bb18bef800 JavaThread "Prism Font Disposer" daemon [_thread_blocked, id=11604, stack(0x000000fa1d100000,0x000000fa1d200000)]
  0x000002bb18bd9800 JavaThread "Cleaner-0" daemon [_thread_blocked, id=8292, stack(0x000000fa1d300000,0x000000fa1d400000)]

Other Threads:
  0x000002bb17740000 VMThread "VM Thread" [stack: 0x000000fa1b600000,0x000000fa1b700000] [id=14928]
  0x000002bb179a1800 WatcherThread [stack: 0x000000fa1c200000,0x000000fa1c300000] [id=19372]
  0x000002bb73024000 GCTaskThread "GC Thread#0" [stack: 0x000000fa1b100000,0x000000fa1b200000] [id=9584]
  0x000002bb182fe800 GCTaskThread "GC Thread#1" [stack: 0x000000fa1c300000,0x000000fa1c400000] [id=20112]
  0x000002bb17ebb000 GCTaskThread "GC Thread#2" [stack: 0x000000fa1c400000,0x000000fa1c500000] [id=19668]
  0x000002bb17e86800 GCTaskThread "GC Thread#3" [stack: 0x000000fa1c500000,0x000000fa1c600000] [id=9728]
  0x000002bb73080000 ConcurrentGCThread "G1 Main Marker" [stack: 0x000000fa1b200000,0x000000fa1b300000] [id=20396]
  0x000002bb73081800 ConcurrentGCThread "G1 Conc#0" [stack: 0x000000fa1b300000,0x000000fa1b400000] [id=19736]
  0x000002bb7fac1000 ConcurrentGCThread "G1 Refine#0" [stack: 0x000000fa1b400000,0x000000fa1b500000] [id=5504]
  0x000002bb7fac2000 ConcurrentGCThread "G1 Young RemSet Sampling" [stack: 0x000000fa1b500000,0x000000fa1b600000] [id=15612]

Threads with active compile tasks:

VM state:not at safepoint (normal execution)

VM Mutex/Monitor currently owned by a thread: None

Heap address: 0x0000000702200000, size: 4062 MB, Compressed Oops mode: Zero based, Oop shift amount: 3
Narrow klass base: 0x0000000800000000, Narrow klass shift: 0
Compressed class space size: 1073741824 Address: 0x0000000800000000

Heap:
 garbage-first heap   total 260096K, used 37396K [0x0000000702200000, 0x0000000800000000)
  region size 1024K, 37 young (37888K), 7 survivors (7168K)
 Metaspace       used 27885K, capacity 29066K, committed 29312K, reserved 1075200K
  class space    used 3586K, capacity 4101K, committed 4224K, reserved 1048576K
Heap Regions: E=young(eden), S=young(survivor), O=old, HS=humongous(starts), HC=humongous(continues), CS=collection set, F=free, A=archive, TAMS=top-at-mark-start (previous, next)
|   0|0x0000000702200000, 0x0000000702300000, 0x0000000702300000|100%|HS|  |TAMS 0x0000000702200000, 0x0000000702200000| Complete 
|   1|0x0000000702300000, 0x0000000702400000, 0x0000000702400000|100%|HC|  |TAMS 0x0000000702300000, 0x0000000702300000| Complete 
|   2|0x0000000702400000, 0x0000000702400000, 0x0000000702500000|  0%| F|  |TAMS 0x0000000702400000, 0x0000000702400000| Untracked 
|   3|0x0000000702500000, 0x0000000702500000, 0x0000000702600000|  0%| F|  |TAMS 0x0000000702500000, 0x0000000702500000| Untracked 
|   4|0x0000000702600000, 0x0000000702600000, 0x0000000702700000|  0%| F|  |TAMS 0x0000000702600000, 0x0000000702600000| Untracked 
|   5|0x0000000702700000, 0x0000000702700000, 0x0000000702800000|  0%| F|  |TAMS 0x0000000702700000, 0x0000000702700000| Untracked 
|   6|0x0000000702800000, 0x0000000702800000, 0x0000000702900000|  0%| F|  |TAMS 0x0000000702800000, 0x0000000702800000| Untracked 
|   7|0x0000000702900000, 0x0000000702900000, 0x0000000702a00000|  0%| F|  |TAMS 0x0000000702900000, 0x0000000702900000| Untracked 
|   8|0x0000000702a00000, 0x0000000702a00000, 0x0000000702b00000|  0%| F|  |TAMS 0x0000000702a00000, 0x0000000702a00000| Untracked 
|   9|0x0000000702b00000, 0x0000000702b00000, 0x0000000702c00000|  0%| F|  |TAMS 0x0000000702b00000, 0x0000000702b00000| Untracked 
|  10|0x0000000702c00000, 0x0000000702c00000, 0x0000000702d00000|  0%| F|  |TAMS 0x0000000702c00000, 0x0000000702c00000| Untracked 
|  11|0x0000000702d00000, 0x0000000702d00000, 0x0000000702e00000|  0%| F|  |TAMS 0x0000000702d00000, 0x0000000702d00000| Untracked 
|  12|0x0000000702e00000, 0x0000000702e00000, 0x0000000702f00000|  0%| F|  |TAMS 0x0000000702e00000, 0x0000000702e00000| Untracked 
|  13|0x0000000702f00000, 0x0000000702f00000, 0x0000000703000000|  0%| F|  |TAMS 0x0000000702f00000, 0x0000000702f00000| Untracked 
|  14|0x0000000703000000, 0x0000000703000000, 0x0000000703100000|  0%| F|  |TAMS 0x0000000703000000, 0x0000000703000000| Untracked 
|  15|0x0000000703100000, 0x0000000703100000, 0x0000000703200000|  0%| F|  |TAMS 0x0000000703100000, 0x0000000703100000| Untracked 
|  16|0x0000000703200000, 0x0000000703200000, 0x0000000703300000|  0%| F|  |TAMS 0x0000000703200000, 0x0000000703200000| Untracked 
|  17|0x0000000703300000, 0x0000000703300000, 0x0000000703400000|  0%| F|  |TAMS 0x0000000703300000, 0x0000000703300000| Untracked 
|  18|0x0000000703400000, 0x0000000703400000, 0x0000000703500000|  0%| F|  |TAMS 0x0000000703400000, 0x0000000703400000| Untracked 
|  19|0x0000000703500000, 0x0000000703500000, 0x0000000703600000|  0%| F|  |TAMS 0x0000000703500000, 0x0000000703500000| Untracked 
|  20|0x0000000703600000, 0x0000000703600000, 0x0000000703700000|  0%| F|  |TAMS 0x0000000703600000, 0x0000000703600000| Untracked 
|  21|0x0000000703700000, 0x0000000703700000, 0x0000000703800000|  0%| F|  |TAMS 0x0000000703700000, 0x0000000703700000| Untracked 
|  22|0x0000000703800000, 0x0000000703800000, 0x0000000703900000|  0%| F|  |TAMS 0x0000000703800000, 0x0000000703800000| Untracked 
|  23|0x0000000703900000, 0x0000000703900000, 0x0000000703a00000|  0%| F|  |TAMS 0x0000000703900000, 0x0000000703900000| Untracked 
|  24|0x0000000703a00000, 0x0000000703a00000, 0x0000000703b00000|  0%| F|  |TAMS 0x0000000703a00000, 0x0000000703a00000| Untracked 
|  25|0x0000000703b00000, 0x0000000703b00000, 0x0000000703c00000|  0%| F|  |TAMS 0x0000000703b00000, 0x0000000703b00000| Untracked 
|  26|0x0000000703c00000, 0x0000000703c00000, 0x0000000703d00000|  0%| F|  |TAMS 0x0000000703c00000, 0x0000000703c00000| Untracked 
|  27|0x0000000703d00000, 0x0000000703d00000, 0x0000000703e00000|  0%| F|  |TAMS 0x0000000703d00000, 0x0000000703d00000| Untracked 
|  28|0x0000000703e00000, 0x0000000703e00000, 0x0000000703f00000|  0%| F|  |TAMS 0x0000000703e00000, 0x0000000703e00000| Untracked 
|  29|0x0000000703f00000, 0x0000000703f00000, 0x0000000704000000|  0%| F|  |TAMS 0x0000000703f00000, 0x0000000703f00000| Untracked 
|  30|0x0000000704000000, 0x0000000704000000, 0x0000000704100000|  0%| F|  |TAMS 0x0000000704000000, 0x0000000704000000| Untracked 
|  31|0x0000000704100000, 0x0000000704100000, 0x0000000704200000|  0%| F|  |TAMS 0x0000000704100000, 0x0000000704100000| Untracked 
|  32|0x0000000704200000, 0x0000000704200000, 0x0000000704300000|  0%| F|  |TAMS 0x0000000704200000, 0x0000000704200000| Untracked 
|  33|0x0000000704300000, 0x0000000704300000, 0x0000000704400000|  0%| F|  |TAMS 0x0000000704300000, 0x0000000704300000| Untracked 
|  34|0x0000000704400000, 0x0000000704400000, 0x0000000704500000|  0%| F|  |TAMS 0x0000000704400000, 0x0000000704400000| Untracked 
|  35|0x0000000704500000, 0x0000000704500000, 0x0000000704600000|  0%| F|  |TAMS 0x0000000704500000, 0x0000000704500000| Untracked 
|  36|0x0000000704600000, 0x0000000704600000, 0x0000000704700000|  0%| F|  |TAMS 0x0000000704600000, 0x0000000704600000| Untracked 
|  37|0x0000000704700000, 0x0000000704700000, 0x0000000704800000|  0%| F|  |TAMS 0x0000000704700000, 0x0000000704700000| Untracked 
|  38|0x0000000704800000, 0x0000000704800000, 0x0000000704900000|  0%| F|  |TAMS 0x0000000704800000, 0x0000000704800000| Untracked 
|  39|0x0000000704900000, 0x0000000704900000, 0x0000000704a00000|  0%| F|  |TAMS 0x0000000704900000, 0x0000000704900000| Untracked 
|  40|0x0000000704a00000, 0x0000000704a00000, 0x0000000704b00000|  0%| F|  |TAMS 0x0000000704a00000, 0x0000000704a00000| Untracked 
|  41|0x0000000704b00000, 0x0000000704b00000, 0x0000000704c00000|  0%| F|  |TAMS 0x0000000704b00000, 0x0000000704b00000| Untracked 
|  42|0x0000000704c00000, 0x0000000704c00000, 0x0000000704d00000|  0%| F|  |TAMS 0x0000000704c00000, 0x0000000704c00000| Untracked 
|  43|0x0000000704d00000, 0x0000000704d00000, 0x0000000704e00000|  0%| F|  |TAMS 0x0000000704d00000, 0x0000000704d00000| Untracked 
|  44|0x0000000704e00000, 0x0000000704e00000, 0x0000000704f00000|  0%| F|  |TAMS 0x0000000704e00000, 0x0000000704e00000| Untracked 
|  45|0x0000000704f00000, 0x0000000704f00000, 0x0000000705000000|  0%| F|  |TAMS 0x0000000704f00000, 0x0000000704f00000| Untracked 
|  46|0x0000000705000000, 0x0000000705000000, 0x0000000705100000|  0%| F|  |TAMS 0x0000000705000000, 0x0000000705000000| Untracked 
|  47|0x0000000705100000, 0x0000000705100000, 0x0000000705200000|  0%| F|  |TAMS 0x0000000705100000, 0x0000000705100000| Untracked 
|  48|0x0000000705200000, 0x0000000705200000, 0x0000000705300000|  0%| F|  |TAMS 0x0000000705200000, 0x0000000705200000| Untracked 
|  49|0x0000000705300000, 0x0000000705300000, 0x0000000705400000|  0%| F|  |TAMS 0x0000000705300000, 0x0000000705300000| Untracked 
|  50|0x0000000705400000, 0x0000000705400000, 0x0000000705500000|  0%| F|  |TAMS 0x0000000705400000, 0x0000000705400000| Untracked 
|  51|0x0000000705500000, 0x0000000705500000, 0x0000000705600000|  0%| F|  |TAMS 0x0000000705500000, 0x0000000705500000| Untracked 
|  52|0x0000000705600000, 0x0000000705600000, 0x0000000705700000|  0%| F|  |TAMS 0x0000000705600000, 0x0000000705600000| Untracked 
|  53|0x0000000705700000, 0x0000000705700000, 0x0000000705800000|  0%| F|  |TAMS 0x0000000705700000, 0x0000000705700000| Untracked 
|  54|0x0000000705800000, 0x0000000705800000, 0x0000000705900000|  0%| F|  |TAMS 0x0000000705800000, 0x0000000705800000| Untracked 
|  55|0x0000000705900000, 0x0000000705900000, 0x0000000705a00000|  0%| F|  |TAMS 0x0000000705900000, 0x0000000705900000| Untracked 
|  56|0x0000000705a00000, 0x0000000705a00000, 0x0000000705b00000|  0%| F|  |TAMS 0x0000000705a00000, 0x0000000705a00000| Untracked 
|  57|0x0000000705b00000, 0x0000000705b00000, 0x0000000705c00000|  0%| F|  |TAMS 0x0000000705b00000, 0x0000000705b00000| Untracked 
|  58|0x0000000705c00000, 0x0000000705c00000, 0x0000000705d00000|  0%| F|  |TAMS 0x0000000705c00000, 0x0000000705c00000| Untracked 
|  59|0x0000000705d00000, 0x0000000705d00000, 0x0000000705e00000|  0%| F|  |TAMS 0x0000000705d00000, 0x0000000705d00000| Untracked 
|  60|0x0000000705e00000, 0x0000000705e00000, 0x0000000705f00000|  0%| F|  |TAMS 0x0000000705e00000, 0x0000000705e00000| Untracked 
|  61|0x0000000705f00000, 0x0000000705f00000, 0x0000000706000000|  0%| F|  |TAMS 0x0000000705f00000, 0x0000000705f00000| Untracked 
|  62|0x0000000706000000, 0x0000000706000000, 0x0000000706100000|  0%| F|  |TAMS 0x0000000706000000, 0x0000000706000000| Untracked 
|  63|0x0000000706100000, 0x0000000706100000, 0x0000000706200000|  0%| F|  |TAMS 0x0000000706100000, 0x0000000706100000| Untracked 
|  64|0x0000000706200000, 0x0000000706200000, 0x0000000706300000|  0%| F|  |TAMS 0x0000000706200000, 0x0000000706200000| Untracked 
|  65|0x0000000706300000, 0x0000000706300000, 0x0000000706400000|  0%| F|  |TAMS 0x0000000706300000, 0x0000000706300000| Untracked 
|  66|0x0000000706400000, 0x0000000706400000, 0x0000000706500000|  0%| F|  |TAMS 0x0000000706400000, 0x0000000706400000| Untracked 
|  67|0x0000000706500000, 0x0000000706500000, 0x0000000706600000|  0%| F|  |TAMS 0x0000000706500000, 0x0000000706500000| Untracked 
|  68|0x0000000706600000, 0x0000000706600000, 0x0000000706700000|  0%| F|  |TAMS 0x0000000706600000, 0x0000000706600000| Untracked 
|  69|0x0000000706700000, 0x0000000706700000, 0x0000000706800000|  0%| F|  |TAMS 0x0000000706700000, 0x0000000706700000| Untracked 
|  70|0x0000000706800000, 0x0000000706800000, 0x0000000706900000|  0%| F|  |TAMS 0x0000000706800000, 0x0000000706800000| Untracked 
|  71|0x0000000706900000, 0x0000000706900000, 0x0000000706a00000|  0%| F|  |TAMS 0x0000000706900000, 0x0000000706900000| Untracked 
|  72|0x0000000706a00000, 0x0000000706a00000, 0x0000000706b00000|  0%| F|  |TAMS 0x0000000706a00000, 0x0000000706a00000| Untracked 
|  73|0x0000000706b00000, 0x0000000706b00000, 0x0000000706c00000|  0%| F|  |TAMS 0x0000000706b00000, 0x0000000706b00000| Untracked 
|  74|0x0000000706c00000, 0x0000000706c00000, 0x0000000706d00000|  0%| F|  |TAMS 0x0000000706c00000, 0x0000000706c00000| Untracked 
|  75|0x0000000706d00000, 0x0000000706d00000, 0x0000000706e00000|  0%| F|  |TAMS 0x0000000706d00000, 0x0000000706d00000| Untracked 
|  76|0x0000000706e00000, 0x0000000706e00000, 0x0000000706f00000|  0%| F|  |TAMS 0x0000000706e00000, 0x0000000706e00000| Untracked 
|  77|0x0000000706f00000, 0x0000000706f00000, 0x0000000707000000|  0%| F|  |TAMS 0x0000000706f00000, 0x0000000706f00000| Untracked 
|  78|0x0000000707000000, 0x0000000707000000, 0x0000000707100000|  0%| F|  |TAMS 0x0000000707000000, 0x0000000707000000| Untracked 
|  79|0x0000000707100000, 0x0000000707100000, 0x0000000707200000|  0%| F|  |TAMS 0x0000000707100000, 0x0000000707100000| Untracked 
|  80|0x0000000707200000, 0x0000000707200000, 0x0000000707300000|  0%| F|  |TAMS 0x0000000707200000, 0x0000000707200000| Untracked 
|  81|0x0000000707300000, 0x0000000707300000, 0x0000000707400000|  0%| F|  |TAMS 0x0000000707300000, 0x0000000707300000| Untracked 
|  82|0x0000000707400000, 0x0000000707400000, 0x0000000707500000|  0%| F|  |TAMS 0x0000000707400000, 0x0000000707400000| Untracked 
|  83|0x0000000707500000, 0x0000000707500000, 0x0000000707600000|  0%| F|  |TAMS 0x0000000707500000, 0x0000000707500000| Untracked 
|  84|0x0000000707600000, 0x0000000707600000, 0x0000000707700000|  0%| F|  |TAMS 0x0000000707600000, 0x0000000707600000| Untracked 
|  85|0x0000000707700000, 0x0000000707700000, 0x0000000707800000|  0%| F|  |TAMS 0x0000000707700000, 0x0000000707700000| Untracked 
|  86|0x0000000707800000, 0x0000000707800000, 0x0000000707900000|  0%| F|  |TAMS 0x0000000707800000, 0x0000000707800000| Untracked 
|  87|0x0000000707900000, 0x0000000707900000, 0x0000000707a00000|  0%| F|  |TAMS 0x0000000707900000, 0x0000000707900000| Untracked 
|  88|0x0000000707a00000, 0x0000000707a00000, 0x0000000707b00000|  0%| F|  |TAMS 0x0000000707a00000, 0x0000000707a00000| Untracked 
|  89|0x0000000707b00000, 0x0000000707b00000, 0x0000000707c00000|  0%| F|  |TAMS 0x0000000707b00000, 0x0000000707b00000| Untracked 
|  90|0x0000000707c00000, 0x0000000707c00000, 0x0000000707d00000|  0%| F|  |TAMS 0x0000000707c00000, 0x0000000707c00000| Untracked 
|  91|0x0000000707d00000, 0x0000000707d00000, 0x0000000707e00000|  0%| F|  |TAMS 0x0000000707d00000, 0x0000000707d00000| Untracked 
|  92|0x0000000707e00000, 0x0000000707e00000, 0x0000000707f00000|  0%| F|  |TAMS 0x0000000707e00000, 0x0000000707e00000| Untracked 
|  93|0x0000000707f00000, 0x0000000707f00000, 0x0000000708000000|  0%| F|  |TAMS 0x0000000707f00000, 0x0000000707f00000| Untracked 
|  94|0x0000000708000000, 0x0000000708000000, 0x0000000708100000|  0%| F|  |TAMS 0x0000000708000000, 0x0000000708000000| Untracked 
|  95|0x0000000708100000, 0x0000000708100000, 0x0000000708200000|  0%| F|  |TAMS 0x0000000708100000, 0x0000000708100000| Untracked 
|  96|0x0000000708200000, 0x0000000708200000, 0x0000000708300000|  0%| F|  |TAMS 0x0000000708200000, 0x0000000708200000| Untracked 
|  97|0x0000000708300000, 0x0000000708300000, 0x0000000708400000|  0%| F|  |TAMS 0x0000000708300000, 0x0000000708300000| Untracked 
|  98|0x0000000708400000, 0x0000000708400000, 0x0000000708500000|  0%| F|  |TAMS 0x0000000708400000, 0x0000000708400000| Untracked 
|  99|0x0000000708500000, 0x0000000708500000, 0x0000000708600000|  0%| F|  |TAMS 0x0000000708500000, 0x0000000708500000| Untracked 
| 100|0x0000000708600000, 0x0000000708600000, 0x0000000708700000|  0%| F|  |TAMS 0x0000000708600000, 0x0000000708600000| Untracked 
| 101|0x0000000708700000, 0x0000000708700000, 0x0000000708800000|  0%| F|  |TAMS 0x0000000708700000, 0x0000000708700000| Untracked 
| 102|0x0000000708800000, 0x0000000708800000, 0x0000000708900000|  0%| F|  |TAMS 0x0000000708800000, 0x0000000708800000| Untracked 
| 103|0x0000000708900000, 0x0000000708900000, 0x0000000708a00000|  0%| F|  |TAMS 0x0000000708900000, 0x0000000708900000| Untracked 
| 104|0x0000000708a00000, 0x0000000708a00000, 0x0000000708b00000|  0%| F|  |TAMS 0x0000000708a00000, 0x0000000708a00000| Untracked 
| 105|0x0000000708b00000, 0x0000000708b00000, 0x0000000708c00000|  0%| F|  |TAMS 0x0000000708b00000, 0x0000000708b00000| Untracked 
| 106|0x0000000708c00000, 0x0000000708c00000, 0x0000000708d00000|  0%| F|  |TAMS 0x0000000708c00000, 0x0000000708c00000| Untracked 
| 107|0x0000000708d00000, 0x0000000708d00000, 0x0000000708e00000|  0%| F|  |TAMS 0x0000000708d00000, 0x0000000708d00000| Untracked 
| 108|0x0000000708e00000, 0x0000000708e00000, 0x0000000708f00000|  0%| F|  |TAMS 0x0000000708e00000, 0x0000000708e00000| Untracked 
| 109|0x0000000708f00000, 0x0000000708f00000, 0x0000000709000000|  0%| F|  |TAMS 0x0000000708f00000, 0x0000000708f00000| Untracked 
| 110|0x0000000709000000, 0x0000000709000000, 0x0000000709100000|  0%| F|  |TAMS 0x0000000709000000, 0x0000000709000000| Untracked 
| 111|0x0000000709100000, 0x0000000709100000, 0x0000000709200000|  0%| F|  |TAMS 0x0000000709100000, 0x0000000709100000| Untracked 
| 112|0x0000000709200000, 0x0000000709200000, 0x0000000709300000|  0%| F|  |TAMS 0x0000000709200000, 0x0000000709200000| Untracked 
| 113|0x0000000709300000, 0x0000000709300000, 0x0000000709400000|  0%| F|  |TAMS 0x0000000709300000, 0x0000000709300000| Untracked 
| 114|0x0000000709400000, 0x0000000709400000, 0x0000000709500000|  0%| F|  |TAMS 0x0000000709400000, 0x0000000709400000| Untracked 
| 115|0x0000000709500000, 0x0000000709500000, 0x0000000709600000|  0%| F|  |TAMS 0x0000000709500000, 0x0000000709500000| Untracked 
| 116|0x0000000709600000, 0x0000000709600000, 0x0000000709700000|  0%| F|  |TAMS 0x0000000709600000, 0x0000000709600000| Untracked 
| 117|0x0000000709700000, 0x0000000709700000, 0x0000000709800000|  0%| F|  |TAMS 0x0000000709700000, 0x0000000709700000| Untracked 
| 118|0x0000000709800000, 0x0000000709800000, 0x0000000709900000|  0%| F|  |TAMS 0x0000000709800000, 0x0000000709800000| Untracked 
| 119|0x0000000709900000, 0x0000000709900000, 0x0000000709a00000|  0%| F|  |TAMS 0x0000000709900000, 0x0000000709900000| Untracked 
| 120|0x0000000709a00000, 0x0000000709a00000, 0x0000000709b00000|  0%| F|  |TAMS 0x0000000709a00000, 0x0000000709a00000| Untracked 
| 121|0x0000000709b00000, 0x0000000709b00000, 0x0000000709c00000|  0%| F|  |TAMS 0x0000000709b00000, 0x0000000709b00000| Untracked 
| 122|0x0000000709c00000, 0x0000000709c00000, 0x0000000709d00000|  0%| F|  |TAMS 0x0000000709c00000, 0x0000000709c00000| Untracked 
| 123|0x0000000709d00000, 0x0000000709d00000, 0x0000000709e00000|  0%| F|  |TAMS 0x0000000709d00000, 0x0000000709d00000| Untracked 
| 124|0x0000000709e00000, 0x0000000709e00000, 0x0000000709f00000|  0%| F|  |TAMS 0x0000000709e00000, 0x0000000709e00000| Untracked 
| 125|0x0000000709f00000, 0x0000000709f00000, 0x000000070a000000|  0%| F|  |TAMS 0x0000000709f00000, 0x0000000709f00000| Untracked 
| 126|0x000000070a000000, 0x000000070a000000, 0x000000070a100000|  0%| F|  |TAMS 0x000000070a000000, 0x000000070a000000| Untracked 
| 127|0x000000070a100000, 0x000000070a100000, 0x000000070a200000|  0%| F|  |TAMS 0x000000070a100000, 0x000000070a100000| Untracked 
| 128|0x000000070a200000, 0x000000070a200000, 0x000000070a300000|  0%| F|  |TAMS 0x000000070a200000, 0x000000070a200000| Untracked 
| 129|0x000000070a300000, 0x000000070a300000, 0x000000070a400000|  0%| F|  |TAMS 0x000000070a300000, 0x000000070a300000| Untracked 
| 130|0x000000070a400000, 0x000000070a400000, 0x000000070a500000|  0%| F|  |TAMS 0x000000070a400000, 0x000000070a400000| Untracked 
| 131|0x000000070a500000, 0x000000070a500000, 0x000000070a600000|  0%| F|  |TAMS 0x000000070a500000, 0x000000070a500000| Untracked 
| 132|0x000000070a600000, 0x000000070a600000, 0x000000070a700000|  0%| F|  |TAMS 0x000000070a600000, 0x000000070a600000| Untracked 
| 133|0x000000070a700000, 0x000000070a700000, 0x000000070a800000|  0%| F|  |TAMS 0x000000070a700000, 0x000000070a700000| Untracked 
| 134|0x000000070a800000, 0x000000070a800000, 0x000000070a900000|  0%| F|  |TAMS 0x000000070a800000, 0x000000070a800000| Untracked 
| 135|0x000000070a900000, 0x000000070a900000, 0x000000070aa00000|  0%| F|  |TAMS 0x000000070a900000, 0x000000070a900000| Untracked 
| 136|0x000000070aa00000, 0x000000070aa00000, 0x000000070ab00000|  0%| F|  |TAMS 0x000000070aa00000, 0x000000070aa00000| Untracked 
| 137|0x000000070ab00000, 0x000000070ab00000, 0x000000070ac00000|  0%| F|  |TAMS 0x000000070ab00000, 0x000000070ab00000| Untracked 
| 138|0x000000070ac00000, 0x000000070ac00000, 0x000000070ad00000|  0%| F|  |TAMS 0x000000070ac00000, 0x000000070ac00000| Untracked 
| 139|0x000000070ad00000, 0x000000070ad00000, 0x000000070ae00000|  0%| F|  |TAMS 0x000000070ad00000, 0x000000070ad00000| Untracked 
| 140|0x000000070ae00000, 0x000000070ae00000, 0x000000070af00000|  0%| F|  |TAMS 0x000000070ae00000, 0x000000070ae00000| Untracked 
| 141|0x000000070af00000, 0x000000070af00000, 0x000000070b000000|  0%| F|  |TAMS 0x000000070af00000, 0x000000070af00000| Untracked 
| 142|0x000000070b000000, 0x000000070b000000, 0x000000070b100000|  0%| F|  |TAMS 0x000000070b000000, 0x000000070b000000| Untracked 
| 143|0x000000070b100000, 0x000000070b100000, 0x000000070b200000|  0%| F|  |TAMS 0x000000070b100000, 0x000000070b100000| Untracked 
| 144|0x000000070b200000, 0x000000070b200000, 0x000000070b300000|  0%| F|  |TAMS 0x000000070b200000, 0x000000070b200000| Untracked 
| 145|0x000000070b300000, 0x000000070b300000, 0x000000070b400000|  0%| F|  |TAMS 0x000000070b300000, 0x000000070b300000| Untracked 
| 146|0x000000070b400000, 0x000000070b400000, 0x000000070b500000|  0%| F|  |TAMS 0x000000070b400000, 0x000000070b400000| Untracked 
| 147|0x000000070b500000, 0x000000070b500000, 0x000000070b600000|  0%| F|  |TAMS 0x000000070b500000, 0x000000070b500000| Untracked 
| 148|0x000000070b600000, 0x000000070b600000, 0x000000070b700000|  0%| F|  |TAMS 0x000000070b600000, 0x000000070b600000| Untracked 
| 149|0x000000070b700000, 0x000000070b700000, 0x000000070b800000|  0%| F|  |TAMS 0x000000070b700000, 0x000000070b700000| Untracked 
| 150|0x000000070b800000, 0x000000070b800000, 0x000000070b900000|  0%| F|  |TAMS 0x000000070b800000, 0x000000070b800000| Untracked 
| 151|0x000000070b900000, 0x000000070b900000, 0x000000070ba00000|  0%| F|  |TAMS 0x000000070b900000, 0x000000070b900000| Untracked 
| 152|0x000000070ba00000, 0x000000070ba00000, 0x000000070bb00000|  0%| F|  |TAMS 0x000000070ba00000, 0x000000070ba00000| Untracked 
| 153|0x000000070bb00000, 0x000000070bb00000, 0x000000070bc00000|  0%| F|  |TAMS 0x000000070bb00000, 0x000000070bb00000| Untracked 
| 154|0x000000070bc00000, 0x000000070bc00000, 0x000000070bd00000|  0%| F|  |TAMS 0x000000070bc00000, 0x000000070bc00000| Untracked 
| 155|0x000000070bd00000, 0x000000070bd00000, 0x000000070be00000|  0%| F|  |TAMS 0x000000070bd00000, 0x000000070bd00000| Untracked 
| 156|0x000000070be00000, 0x000000070be00000, 0x000000070bf00000|  0%| F|  |TAMS 0x000000070be00000, 0x000000070be00000| Untracked 
| 157|0x000000070bf00000, 0x000000070bf00000, 0x000000070c000000|  0%| F|  |TAMS 0x000000070bf00000, 0x000000070bf00000| Untracked 
| 158|0x000000070c000000, 0x000000070c000000, 0x000000070c100000|  0%| F|  |TAMS 0x000000070c000000, 0x000000070c000000| Untracked 
| 159|0x000000070c100000, 0x000000070c100000, 0x000000070c200000|  0%| F|  |TAMS 0x000000070c100000, 0x000000070c100000| Untracked 
| 160|0x000000070c200000, 0x000000070c200000, 0x000000070c300000|  0%| F|  |TAMS 0x000000070c200000, 0x000000070c200000| Untracked 
| 161|0x000000070c300000, 0x000000070c300000, 0x000000070c400000|  0%| F|  |TAMS 0x000000070c300000, 0x000000070c300000| Untracked 
| 162|0x000000070c400000, 0x000000070c400000, 0x000000070c500000|  0%| F|  |TAMS 0x000000070c400000, 0x000000070c400000| Untracked 
| 163|0x000000070c500000, 0x000000070c500000, 0x000000070c600000|  0%| F|  |TAMS 0x000000070c500000, 0x000000070c500000| Untracked 
| 164|0x000000070c600000, 0x000000070c600000, 0x000000070c700000|  0%| F|  |TAMS 0x000000070c600000, 0x000000070c600000| Untracked 
| 165|0x000000070c700000, 0x000000070c700000, 0x000000070c800000|  0%| F|  |TAMS 0x000000070c700000, 0x000000070c700000| Untracked 
| 166|0x000000070c800000, 0x000000070c800000, 0x000000070c900000|  0%| F|  |TAMS 0x000000070c800000, 0x000000070c800000| Untracked 
| 167|0x000000070c900000, 0x000000070c900000, 0x000000070ca00000|  0%| F|  |TAMS 0x000000070c900000, 0x000000070c900000| Untracked 
| 168|0x000000070ca00000, 0x000000070ca00000, 0x000000070cb00000|  0%| F|  |TAMS 0x000000070ca00000, 0x000000070ca00000| Untracked 
| 169|0x000000070cb00000, 0x000000070cb00000, 0x000000070cc00000|  0%| F|  |TAMS 0x000000070cb00000, 0x000000070cb00000| Untracked 
| 170|0x000000070cc00000, 0x000000070cc00000, 0x000000070cd00000|  0%| F|  |TAMS 0x000000070cc00000, 0x000000070cc00000| Untracked 
| 171|0x000000070cd00000, 0x000000070cd00000, 0x000000070ce00000|  0%| F|  |TAMS 0x000000070cd00000, 0x000000070cd00000| Untracked 
| 172|0x000000070ce00000, 0x000000070ce00000, 0x000000070cf00000|  0%| F|  |TAMS 0x000000070ce00000, 0x000000070ce00000| Untracked 
| 173|0x000000070cf00000, 0x000000070cf00000, 0x000000070d000000|  0%| F|  |TAMS 0x000000070cf00000, 0x000000070cf00000| Untracked 
| 174|0x000000070d000000, 0x000000070d000000, 0x000000070d100000|  0%| F|  |TAMS 0x000000070d000000, 0x000000070d000000| Untracked 
| 175|0x000000070d100000, 0x000000070d100000, 0x000000070d200000|  0%| F|  |TAMS 0x000000070d100000, 0x000000070d100000| Untracked 
| 176|0x000000070d200000, 0x000000070d200000, 0x000000070d300000|  0%| F|  |TAMS 0x000000070d200000, 0x000000070d200000| Untracked 
| 177|0x000000070d300000, 0x000000070d300000, 0x000000070d400000|  0%| F|  |TAMS 0x000000070d300000, 0x000000070d300000| Untracked 
| 178|0x000000070d400000, 0x000000070d400000, 0x000000070d500000|  0%| F|  |TAMS 0x000000070d400000, 0x000000070d400000| Untracked 
| 179|0x000000070d500000, 0x000000070d500000, 0x000000070d600000|  0%| F|  |TAMS 0x000000070d500000, 0x000000070d500000| Untracked 
| 180|0x000000070d600000, 0x000000070d600000, 0x000000070d700000|  0%| F|  |TAMS 0x000000070d600000, 0x000000070d600000| Untracked 
| 181|0x000000070d700000, 0x000000070d700000, 0x000000070d800000|  0%| F|  |TAMS 0x000000070d700000, 0x000000070d700000| Untracked 
| 182|0x000000070d800000, 0x000000070d800000, 0x000000070d900000|  0%| F|  |TAMS 0x000000070d800000, 0x000000070d800000| Untracked 
| 183|0x000000070d900000, 0x000000070d900000, 0x000000070da00000|  0%| F|  |TAMS 0x000000070d900000, 0x000000070d900000| Untracked 
| 184|0x000000070da00000, 0x000000070da00000, 0x000000070db00000|  0%| F|  |TAMS 0x000000070da00000, 0x000000070da00000| Untracked 
| 185|0x000000070db00000, 0x000000070db00000, 0x000000070dc00000|  0%| F|  |TAMS 0x000000070db00000, 0x000000070db00000| Untracked 
| 186|0x000000070dc00000, 0x000000070dc00000, 0x000000070dd00000|  0%| F|  |TAMS 0x000000070dc00000, 0x000000070dc00000| Untracked 
| 187|0x000000070dd00000, 0x000000070dd00000, 0x000000070de00000|  0%| F|  |TAMS 0x000000070dd00000, 0x000000070dd00000| Untracked 
| 188|0x000000070de00000, 0x000000070de00000, 0x000000070df00000|  0%| F|  |TAMS 0x000000070de00000, 0x000000070de00000| Untracked 
| 189|0x000000070df00000, 0x000000070df00000, 0x000000070e000000|  0%| F|  |TAMS 0x000000070df00000, 0x000000070df00000| Untracked 
| 190|0x000000070e000000, 0x000000070e000000, 0x000000070e100000|  0%| F|  |TAMS 0x000000070e000000, 0x000000070e000000| Untracked 
| 191|0x000000070e100000, 0x000000070e100000, 0x000000070e200000|  0%| F|  |TAMS 0x000000070e100000, 0x000000070e100000| Untracked 
| 192|0x000000070e200000, 0x000000070e200000, 0x000000070e300000|  0%| F|  |TAMS 0x000000070e200000, 0x000000070e200000| Untracked 
| 193|0x000000070e300000, 0x000000070e300000, 0x000000070e400000|  0%| F|  |TAMS 0x000000070e300000, 0x000000070e300000| Untracked 
| 194|0x000000070e400000, 0x000000070e400000, 0x000000070e500000|  0%| F|  |TAMS 0x000000070e400000, 0x000000070e400000| Untracked 
| 195|0x000000070e500000, 0x000000070e500000, 0x000000070e600000|  0%| F|  |TAMS 0x000000070e500000, 0x000000070e500000| Untracked 
| 196|0x000000070e600000, 0x000000070e600000, 0x000000070e700000|  0%| F|  |TAMS 0x000000070e600000, 0x000000070e600000| Untracked 
| 197|0x000000070e700000, 0x000000070e700000, 0x000000070e800000|  0%| F|  |TAMS 0x000000070e700000, 0x000000070e700000| Untracked 
| 198|0x000000070e800000, 0x000000070e800000, 0x000000070e900000|  0%| F|  |TAMS 0x000000070e800000, 0x000000070e800000| Untracked 
| 199|0x000000070e900000, 0x000000070e900000, 0x000000070ea00000|  0%| F|  |TAMS 0x000000070e900000, 0x000000070e900000| Untracked 
| 200|0x000000070ea00000, 0x000000070ea00000, 0x000000070eb00000|  0%| F|  |TAMS 0x000000070ea00000, 0x000000070ea00000| Untracked 
| 201|0x000000070eb00000, 0x000000070eb00000, 0x000000070ec00000|  0%| F|  |TAMS 0x000000070eb00000, 0x000000070eb00000| Untracked 
| 202|0x000000070ec00000, 0x000000070ec00000, 0x000000070ed00000|  0%| F|  |TAMS 0x000000070ec00000, 0x000000070ec00000| Untracked 
| 203|0x000000070ed00000, 0x000000070ed00000, 0x000000070ee00000|  0%| F|  |TAMS 0x000000070ed00000, 0x000000070ed00000| Untracked 
| 204|0x000000070ee00000, 0x000000070ee00000, 0x000000070ef00000|  0%| F|  |TAMS 0x000000070ee00000, 0x000000070ee00000| Untracked 
| 205|0x000000070ef00000, 0x000000070ef00000, 0x000000070f000000|  0%| F|  |TAMS 0x000000070ef00000, 0x000000070ef00000| Untracked 
| 206|0x000000070f000000, 0x000000070f000000, 0x000000070f100000|  0%| F|  |TAMS 0x000000070f000000, 0x000000070f000000| Untracked 
| 207|0x000000070f100000, 0x000000070f100000, 0x000000070f200000|  0%| F|  |TAMS 0x000000070f100000, 0x000000070f100000| Untracked 
| 208|0x000000070f200000, 0x000000070f200000, 0x000000070f300000|  0%| F|  |TAMS 0x000000070f200000, 0x000000070f200000| Untracked 
| 209|0x000000070f300000, 0x000000070f300000, 0x000000070f400000|  0%| F|  |TAMS 0x000000070f300000, 0x000000070f300000| Untracked 
| 210|0x000000070f400000, 0x000000070f400000, 0x000000070f500000|  0%| F|  |TAMS 0x000000070f400000, 0x000000070f400000| Untracked 
| 211|0x000000070f500000, 0x000000070f585080, 0x000000070f600000| 51%| S|CS|TAMS 0x000000070f500000, 0x000000070f500000| Complete 
| 212|0x000000070f600000, 0x000000070f700000, 0x000000070f700000|100%| S|CS|TAMS 0x000000070f600000, 0x000000070f600000| Complete 
| 213|0x000000070f700000, 0x000000070f800000, 0x000000070f800000|100%| S|CS|TAMS 0x000000070f700000, 0x000000070f700000| Complete 
| 214|0x000000070f800000, 0x000000070f900000, 0x000000070f900000|100%| S|CS|TAMS 0x000000070f800000, 0x000000070f800000| Complete 
| 215|0x000000070f900000, 0x000000070fa00000, 0x000000070fa00000|100%| S|CS|TAMS 0x000000070f900000, 0x000000070f900000| Complete 
| 216|0x000000070fa00000, 0x000000070fb00000, 0x000000070fb00000|100%| S|CS|TAMS 0x000000070fa00000, 0x000000070fa00000| Complete 
| 217|0x000000070fb00000, 0x000000070fc00000, 0x000000070fc00000|100%| S|CS|TAMS 0x000000070fb00000, 0x000000070fb00000| Complete 
| 218|0x000000070fc00000, 0x000000070fc00000, 0x000000070fd00000|  0%| F|  |TAMS 0x000000070fc00000, 0x000000070fc00000| Untracked 
| 219|0x000000070fd00000, 0x000000070fd00000, 0x000000070fe00000|  0%| F|  |TAMS 0x000000070fd00000, 0x000000070fd00000| Untracked 
| 220|0x000000070fe00000, 0x000000070fe00000, 0x000000070ff00000|  0%| F|  |TAMS 0x000000070fe00000, 0x000000070fe00000| Untracked 
| 221|0x000000070ff00000, 0x000000070ff00000, 0x0000000710000000|  0%| F|  |TAMS 0x000000070ff00000, 0x000000070ff00000| Untracked 
| 222|0x0000000710000000, 0x0000000710000000, 0x0000000710100000|  0%| F|  |TAMS 0x0000000710000000, 0x0000000710000000| Untracked 
| 223|0x0000000710100000, 0x0000000710100000, 0x0000000710200000|  0%| F|  |TAMS 0x0000000710100000, 0x0000000710100000| Untracked 
| 224|0x0000000710200000, 0x00000007102e3900, 0x0000000710300000| 88%| E|  |TAMS 0x0000000710200000, 0x0000000710200000| Complete 
| 225|0x0000000710300000, 0x0000000710400000, 0x0000000710400000|100%| E|CS|TAMS 0x0000000710300000, 0x0000000710300000| Complete 
| 226|0x0000000710400000, 0x0000000710500000, 0x0000000710500000|100%| E|CS|TAMS 0x0000000710400000, 0x0000000710400000| Complete 
| 227|0x0000000710500000, 0x0000000710600000, 0x0000000710600000|100%| E|CS|TAMS 0x0000000710500000, 0x0000000710500000| Complete 
| 228|0x0000000710600000, 0x0000000710700000, 0x0000000710700000|100%| E|CS|TAMS 0x0000000710600000, 0x0000000710600000| Complete 
| 229|0x0000000710700000, 0x0000000710800000, 0x0000000710800000|100%| E|CS|TAMS 0x0000000710700000, 0x0000000710700000| Complete 
| 230|0x0000000710800000, 0x0000000710900000, 0x0000000710900000|100%| E|CS|TAMS 0x0000000710800000, 0x0000000710800000| Complete 
| 231|0x0000000710900000, 0x0000000710a00000, 0x0000000710a00000|100%| E|CS|TAMS 0x0000000710900000, 0x0000000710900000| Complete 
| 232|0x0000000710a00000, 0x0000000710b00000, 0x0000000710b00000|100%| E|CS|TAMS 0x0000000710a00000, 0x0000000710a00000| Complete 
| 233|0x0000000710b00000, 0x0000000710c00000, 0x0000000710c00000|100%| E|CS|TAMS 0x0000000710b00000, 0x0000000710b00000| Complete 
| 234|0x0000000710c00000, 0x0000000710d00000, 0x0000000710d00000|100%| E|CS|TAMS 0x0000000710c00000, 0x0000000710c00000| Complete 
| 235|0x0000000710d00000, 0x0000000710e00000, 0x0000000710e00000|100%| E|  |TAMS 0x0000000710d00000, 0x0000000710d00000| Complete 
| 236|0x0000000710e00000, 0x0000000710f00000, 0x0000000710f00000|100%| E|CS|TAMS 0x0000000710e00000, 0x0000000710e00000| Complete 
| 237|0x0000000710f00000, 0x0000000711000000, 0x0000000711000000|100%| E|CS|TAMS 0x0000000710f00000, 0x0000000710f00000| Complete 
| 238|0x0000000711000000, 0x0000000711100000, 0x0000000711100000|100%| E|CS|TAMS 0x0000000711000000, 0x0000000711000000| Complete 
| 239|0x0000000711100000, 0x0000000711200000, 0x0000000711200000|100%| E|CS|TAMS 0x0000000711100000, 0x0000000711100000| Complete 
| 240|0x0000000711200000, 0x0000000711300000, 0x0000000711300000|100%| E|CS|TAMS 0x0000000711200000, 0x0000000711200000| Complete 
| 241|0x0000000711300000, 0x0000000711400000, 0x0000000711400000|100%| E|CS|TAMS 0x0000000711300000, 0x0000000711300000| Complete 
| 242|0x0000000711400000, 0x0000000711500000, 0x0000000711500000|100%| E|CS|TAMS 0x0000000711400000, 0x0000000711400000| Complete 
| 243|0x0000000711500000, 0x0000000711600000, 0x0000000711600000|100%| E|CS|TAMS 0x0000000711500000, 0x0000000711500000| Complete 
| 244|0x0000000711600000, 0x0000000711700000, 0x0000000711700000|100%| E|CS|TAMS 0x0000000711600000, 0x0000000711600000| Complete 
| 245|0x0000000711700000, 0x0000000711800000, 0x0000000711800000|100%| E|CS|TAMS 0x0000000711700000, 0x0000000711700000| Complete 
| 246|0x0000000711800000, 0x0000000711900000, 0x0000000711900000|100%| E|CS|TAMS 0x0000000711800000, 0x0000000711800000| Complete 
| 247|0x0000000711900000, 0x0000000711a00000, 0x0000000711a00000|100%| E|CS|TAMS 0x0000000711900000, 0x0000000711900000| Complete 
| 248|0x0000000711a00000, 0x0000000711b00000, 0x0000000711b00000|100%| E|CS|TAMS 0x0000000711a00000, 0x0000000711a00000| Complete 
| 249|0x0000000711b00000, 0x0000000711c00000, 0x0000000711c00000|100%| E|CS|TAMS 0x0000000711b00000, 0x0000000711b00000| Complete 
| 250|0x0000000711c00000, 0x0000000711d00000, 0x0000000711d00000|100%| E|CS|TAMS 0x0000000711c00000, 0x0000000711c00000| Complete 
| 251|0x0000000711d00000, 0x0000000711e00000, 0x0000000711e00000|100%| E|CS|TAMS 0x0000000711d00000, 0x0000000711d00000| Complete 
| 252|0x0000000711e00000, 0x0000000711f00000, 0x0000000711f00000|100%| E|CS|TAMS 0x0000000711e00000, 0x0000000711e00000| Complete 
| 253|0x0000000711f00000, 0x0000000712000000, 0x0000000712000000|100%| E|CS|TAMS 0x0000000711f00000, 0x0000000711f00000| Complete 

Card table byte_map: [0x000002bb7c560000,0x000002bb7cd50000] _byte_map_base: 0x000002bb78d4f000

Marking Bits (Prev, Next): (CMBitMap*) 0x000002bb7306f520, (CMBitMap*) 0x000002bb7306f4e8
 Prev Bits: [0x000002bb12f80000, 0x000002bb16ef8000)
 Next Bits: [0x000002bb0f000000, 0x000002bb12f78000)

Polling page: 0x000002bb71790000

Metaspace:

Usage:
  Non-class:     24.38 MB capacity,    23.73 MB ( 97%) used,   526.23 KB (  2%) free+waste,   139.63 KB ( <1%) overhead. 
      Class:      4.00 MB capacity,     3.50 MB ( 87%) used,   444.02 KB ( 11%) free+waste,    70.94 KB (  2%) overhead. 
       Both:     28.38 MB capacity,    27.23 MB ( 96%) used,   970.26 KB (  3%) free+waste,   210.56 KB ( <1%) overhead. 

Virtual space:
  Non-class space:       26.00 MB reserved,      24.50 MB ( 94%) committed 
      Class space:        1.00 GB reserved,       4.13 MB ( <1%) committed 
             Both:        1.03 GB reserved,      28.63 MB (  3%) committed 

Chunk freelists:
   Non-Class:  59.00 KB
       Class:  0 bytes
        Both:  59.00 KB

MaxMetaspaceSize: 17179869184.00 GB
CompressedClassSpaceSize: 1.00 GB
Initial GC threshold: 20.80 MB
Current GC threshold: 35.00 MB
CDS: off

CodeHeap 'non-profiled nmethods': size=120064Kb used=1595Kb max_used=1595Kb free=118468Kb
 bounds [0x000002bb07ac0000, 0x000002bb07d30000, 0x000002bb0f000000]
CodeHeap 'profiled nmethods': size=120000Kb used=6966Kb max_used=6966Kb free=113033Kb
 bounds [0x000002bb00590000, 0x000002bb00c60000, 0x000002bb07ac0000]
CodeHeap 'non-nmethods': size=5696Kb used=1450Kb max_used=1479Kb free=4245Kb
 bounds [0x000002bb00000000, 0x000002bb00270000, 0x000002bb00590000]
 total_blobs=4318 nmethods=3526 adapters=702
 compilation: enabled
              stopped_count=0, restarted_count=0
 full_count=0

Compilation events (20 events):
Event: 27.562 Thread 0x000002bb177d8000 3518   !   3       java.io.BufferedWriter::write (117 bytes)
Event: 27.563 Thread 0x000002bb177d8000 nmethod 3518 0x000002bb00c59210 code [0x000002bb00c59420, 0x000002bb00c59b08]
Event: 27.563 Thread 0x000002bb177d8000 3519       3       java.io.PrintStream::ensureOpen (18 bytes)
Event: 27.563 Thread 0x000002bb177d8000 nmethod 3519 0x000002bb00c59e90 code [0x000002bb00c5a060, 0x000002bb00c5a268]
Event: 27.563 Thread 0x000002bb177d8000 3517       3       java.io.Writer::write (11 bytes)
Event: 27.563 Thread 0x000002bb177d8000 nmethod 3517 0x000002bb00c5a310 code [0x000002bb00c5a4e0, 0x000002bb00c5a7a8]
Event: 27.563 Thread 0x000002bb177d8000 3520       3       java.io.BufferedOutputStream::flushBuffer (29 bytes)
Event: 27.563 Thread 0x000002bb177d8000 nmethod 3520 0x000002bb00c5a910 code [0x000002bb00c5aac0, 0x000002bb00c5ace8]
Event: 27.566 Thread 0x000002bb177d8000 3521       3       javafx.beans.property.DoublePropertyBase::invalidated (1 bytes)
Event: 27.566 Thread 0x000002bb177d8000 nmethod 3521 0x000002bb00c5ad90 code [0x000002bb00c5af40, 0x000002bb00c5b038]
Event: 27.567 Thread 0x000002bb177d8000 3522       3       java.lang.invoke.BoundMethodHandle$SpeciesData::extendWith (62 bytes)
Event: 27.569 Thread 0x000002bb177d8000 nmethod 3522 0x000002bb00c5b110 code [0x000002bb00c5b3a0, 0x000002bb00c5c078]
Event: 27.569 Thread 0x000002bb177d8000 3525       3       java.io.OutputStream::flush (1 bytes)
Event: 27.569 Thread 0x000002bb177d8000 nmethod 3525 0x000002bb00c5c490 code [0x000002bb00c5c640, 0x000002bb00c5c738]
Event: 27.569 Thread 0x000002bb177d8000 3526  s    3       java.io.BufferedOutputStream::flush (12 bytes)
Event: 27.570 Thread 0x000002bb177d8000 nmethod 3526 0x000002bb00c5c810 code [0x000002bb00c5c9e0, 0x000002bb00c5ced8]
Event: 27.570 Thread 0x000002bb177d8000 3524       3       java.io.OutputStreamWriter::flushBuffer (8 bytes)
Event: 27.570 Thread 0x000002bb177d8000 nmethod 3524 0x000002bb00c5d010 code [0x000002bb00c5d1c0, 0x000002bb00c5d308]
Event: 27.570 Thread 0x000002bb177d8000 3523       3       sun.nio.cs.UTF_8$Encoder::encodeLoop (28 bytes)
Event: 27.570 Thread 0x000002bb177d8000 nmethod 3523 0x000002bb00c5d410 code [0x000002bb00c5d600, 0x000002bb00c5d9f8]

GC Heap History (4 events):
Event: 0.728 GC heap before
{Heap before GC invocations=0 (full 0):
 garbage-first heap   total 260096K, used 13312K [0x0000000702200000, 0x0000000800000000)
  region size 1024K, 14 young (14336K), 0 survivors (0K)
 Metaspace       used 8987K, capacity 9249K, committed 9472K, reserved 1058816K
  class space    used 878K, capacity 982K, committed 1024K, reserved 1048576K
}
Event: 0.731 GC heap after
{Heap after GC invocations=1 (full 0):
 garbage-first heap   total 260096K, used 1873K [0x0000000702200000, 0x0000000800000000)
  region size 1024K, 2 young (2048K), 2 survivors (2048K)
 Metaspace       used 8987K, capacity 9249K, committed 9472K, reserved 1058816K
  class space    used 878K, capacity 982K, committed 1024K, reserved 1048576K
}
Event: 1.777 GC heap before
{Heap before GC invocations=1 (full 0):
 garbage-first heap   total 260096K, used 35665K [0x0000000702200000, 0x0000000800000000)
  region size 1024K, 36 young (36864K), 2 survivors (2048K)
 Metaspace       used 20577K, capacity 21163K, committed 21248K, reserved 1067008K
  class space    used 2495K, capacity 2784K, committed 2816K, reserved 1048576K
}
Event: 1.790 GC heap after
{Heap after GC invocations=2 (full 0):
 garbage-first heap   total 260096K, used 6676K [0x0000000702200000, 0x0000000800000000)
  region size 1024K, 7 young (7168K), 7 survivors (7168K)
 Metaspace       used 20577K, capacity 21163K, committed 21248K, reserved 1067008K
  class space    used 2495K, capacity 2784K, committed 2816K, reserved 1048576K
}

Deoptimization events (20 events):
Event: 9.832 Thread 0x000002bb180f0800 DEOPT PACKING pc=0x000002bb00b0cbbf sp=0x000000fa1c6fd330
Event: 9.832 Thread 0x000002bb180f0800 DEOPT UNPACKING pc=0x000002bb0004a95e sp=0x000000fa1c6fc780 mode 0
Event: 9.832 Thread 0x000002bb180f0800 DEOPT PACKING pc=0x000002bb00b0cbbf sp=0x000000fa1c6fd330
Event: 9.832 Thread 0x000002bb180f0800 DEOPT UNPACKING pc=0x000002bb0004a95e sp=0x000000fa1c6fc780 mode 0
Event: 9.833 Thread 0x000002bb180f0800 DEOPT PACKING pc=0x000002bb00b0cc7c sp=0x000000fa1c6fd330
Event: 9.833 Thread 0x000002bb180f0800 DEOPT UNPACKING pc=0x000002bb0004a95e sp=0x000000fa1c6fc790 mode 0
Event: 18.254 Thread 0x000002bb18076800 Uncommon trap: trap_request=0xffffff64 fr.pc=0x000002bb07c0e710 relative=0x00000000000028f0
Event: 18.255 Thread 0x000002bb18076800 Uncommon trap: reason=speculate_null_check action=make_not_entrant pc=0x000002bb07c0e710 method=javafx.scene.CssStyleHelper.getStyleHelper(Ljavafx/scene/Node;)Ljavafx/scene/CssStyleHelper; @ 1 c2
Event: 18.255 Thread 0x000002bb18076800 DEOPT PACKING pc=0x000002bb07c0e710 sp=0x000000fa1c8f6c00
Event: 18.255 Thread 0x000002bb18076800 DEOPT UNPACKING pc=0x000002bb0004a1af sp=0x000000fa1c8f6ad8 mode 2
Event: 19.156 Thread 0x000002bb180f0800 DEOPT PACKING pc=0x000002bb00a53e8f sp=0x000000fa1c6fd520
Event: 19.156 Thread 0x000002bb180f0800 DEOPT UNPACKING pc=0x000002bb0004a95e sp=0x000000fa1c6fc938 mode 0
Event: 19.157 Thread 0x000002bb180f0800 DEOPT PACKING pc=0x000002bb00a53e8f sp=0x000000fa1c6fbd20
Event: 19.157 Thread 0x000002bb180f0800 DEOPT UNPACKING pc=0x000002bb0004a95e sp=0x000000fa1c6fb138 mode 0
Event: 19.162 Thread 0x000002bb180f0800 DEOPT PACKING pc=0x000002bb00a53e8f sp=0x000000fa1c6fc5e0
Event: 19.162 Thread 0x000002bb180f0800 DEOPT UNPACKING pc=0x000002bb0004a95e sp=0x000000fa1c6fb9f8 mode 0
Event: 19.163 Thread 0x000002bb180f0800 DEOPT PACKING pc=0x000002bb00a53e8f sp=0x000000fa1c6fbd40
Event: 19.163 Thread 0x000002bb180f0800 DEOPT UNPACKING pc=0x000002bb0004a95e sp=0x000000fa1c6fb158 mode 0
Event: 20.289 Thread 0x000002bb180f0800 DEOPT PACKING pc=0x000002bb00a543bf sp=0x000000fa1c6fc5e0
Event: 20.290 Thread 0x000002bb180f0800 DEOPT UNPACKING pc=0x000002bb0004a95e sp=0x000000fa1c6fb9f8 mode 0

Classes redefined (0 events):
No events

Internal exceptions (20 events):
Event: 1.358 Thread 0x000002bb18076800 Exception <a 'java/lang/NoSuchMethodError'{0x000000071076a960}: 'void java.lang.invoke.DirectMethodHandle$Holder.invokeStaticInit(java.lang.Object, java.lang.Object)'> (0x000000071076a960) thrown at [./src/hotspot/share/interpreter/linkResolver.cpp, line 773]
Event: 1.403 Thread 0x000002bb18076800 Exception <a 'java/lang/NoSuchMethodError'{0x00000007105cd650}: 'java.lang.Object java.lang.invoke.Invokers$Holder.linkToTargetMethod(java.lang.Object, int, java.lang.Object)'> (0x00000007105cd650) thrown at [./src/hotspot/share/interpreter/linkResolver.cpp, line 773]
Event: 1.456 Thread 0x000002bb18076800 Exception <a 'sun/nio/fs/WindowsException'{0x000000071020dac8}> (0x000000071020dac8) thrown at [./src/hotspot/share/prims/jni.cpp, line 616]
Event: 1.585 Thread 0x000002bb18076800 Exception <a 'sun/nio/fs/WindowsException'{0x000000070ff455e0}> (0x000000070ff455e0) thrown at [./src/hotspot/share/prims/jni.cpp, line 616]
Event: 1.608 Thread 0x000002bb18076800 Exception <a 'java/lang/NoSuchMethodError'{0x000000070ffe97f0}: 'int java.lang.invoke.DirectMethodHandle$Holder.invokeStaticInit(java.lang.Object, java.lang.Object)'> (0x000000070ffe97f0) thrown at [./src/hotspot/share/interpreter/linkResolver.cpp, line 773]
Event: 1.879 Thread 0x000002bb18076800 Exception <a 'java/lang/NoSuchMethodError'{0x0000000711ce2448}: 'void java.lang.invoke.DirectMethodHandle$Holder.invokeSpecial(java.lang.Object, java.lang.Object, java.lang.Object, java.lang.Object, java.lang.Object, java.lang.Object)'> (0x0000000711ce2448) thrown at [./src/hotspot/share/interpreter/linkResolver.cpp, line 773]
Event: 1.898 Thread 0x000002bb18076800 Exception <a 'java/lang/NoSuchMethodError'{0x0000000711b70ab8}: 'java.lang.Object java.lang.invoke.DirectMethodHandle$Holder.invokeInterface(java.lang.Object, java.lang.Object, java.lang.Object)'> (0x0000000711b70ab8) thrown at [./src/hotspot/share/interpreter/linkResolver.cpp, line 773]
Event: 1.899 Thread 0x000002bb18076800 Exception <a 'java/lang/IncompatibleClassChangeError'{0x0000000711b73f18}: Found class java.lang.Object, but interface was expected> (0x0000000711b73f18) thrown at [./src/hotspot/share/interpreter/linkResolver.cpp, line 839]
Event: 1.959 Thread 0x000002bb18076800 Exception <a 'java/lang/ClassNotFoundException'{0x0000000711970c48}: com/sun/javafx/scene/control/skin/resources/controls> (0x0000000711970c48) thrown at [./src/hotspot/share/prims/jni.cpp, line 637]
Event: 1.960 Thread 0x000002bb18076800 Exception <a 'java/lang/ClassNotFoundException'{0x000000071197e7a0}: com/sun/javafx/scene/control/skin/resources/controls_en> (0x000000071197e7a0) thrown at [./src/hotspot/share/prims/jni.cpp, line 637]
Event: 1.961 Thread 0x000002bb18076800 Exception <a 'java/lang/ClassNotFoundException'{0x000000071197ff88}: com/sun/javafx/scene/control/skin/resources/controls_en_US> (0x000000071197ff88) thrown at [./src/hotspot/share/prims/jni.cpp, line 637]
Event: 2.183 Thread 0x000002bb18076800 Exception <a 'java/lang/NoSuchMethodError'{0x00000007111f3270}: 'java.lang.Object java.lang.invoke.Invokers$Holder.linkToTargetMethod(java.lang.Object, int, int, java.lang.Object)'> (0x00000007111f3270) thrown at [./src/hotspot/share/interpreter/linkResolver.cpp, line 773]
Event: 2.472 Thread 0x000002bb180f0800 Exception <a 'java/lang/NoSuchMethodError'{0x0000000710b58ca0}: 'java.lang.Object java.lang.invoke.DirectMethodHandle$Holder.invokeStaticInit(java.lang.Object, int)'> (0x0000000710b58ca0) thrown at [./src/hotspot/share/interpreter/linkResolver.cpp, line 773]
Event: 5.943 Thread 0x000002bb18076800 Exception <a 'java/lang/NoSuchMethodError'{0x0000000710a48338}: 'long java.lang.invoke.DirectMethodHandle$Holder.invokeStaticInit(java.lang.Object, java.lang.Object, java.lang.Object)'> (0x0000000710a48338) thrown at [./src/hotspot/share/interpreter/linkResolver.cpp, line 773]
Event: 5.945 Thread 0x000002bb18076800 Exception <a 'java/lang/NoSuchMethodError'{0x0000000710a60980}: 'java.lang.Object java.lang.invoke.DirectMethodHandle$Holder.invokeStatic(java.lang.Object, java.lang.Object, long)'> (0x0000000710a60980) thrown at [./src/hotspot/share/interpreter/linkResolver.cpp, line 773]
Event: 5.945 Thread 0x000002bb18076800 Exception <a 'java/lang/NoSuchMethodError'{0x0000000710a66d50}: 'java.lang.Object java.lang.invoke.Invokers$Holder.linkToTargetMethod(java.lang.Object, long, java.lang.Object)'> (0x0000000710a66d50) thrown at [./src/hotspot/share/interpreter/linkResolver.cpp, line 773]
Event: 7.162 Thread 0x000002bb18076800 Implicit null exception at 0x000002bb07b92e3a to 0x000002bb07b93af8
Event: 9.666 Thread 0x000002bb18076800 Implicit null exception at 0x000002bb07b91c6f to 0x000002bb07b923d4
Event: 18.254 Thread 0x000002bb18076800 Implicit null exception at 0x000002bb07c0c4ee to 0x000002bb07c0e6fc
Event: 27.567 Thread 0x000002bb18076800 Exception <a 'java/lang/IllegalArgumentException'{0x00000007102bf0e0}> (0x00000007102bf0e0) thrown at [./src/hotspot/share/prims/jvm.cpp, line 1310]

Events (20 events):
Event: 25.554 Executing VM operation: RevokeBias
Event: 25.554 Executing VM operation: RevokeBias done
Event: 25.554 Executing VM operation: RevokeBias
Event: 25.554 Executing VM operation: RevokeBias done
Event: 27.521 loading class javafx/application/Application
Event: 27.521 loading class javafx/application/Application done
Event: 27.521 loading class javafx/application/Application
Event: 27.521 loading class javafx/application/Application done
Event: 27.522 loading class sun/nio/fs/WindowsChannelFactory$2
Event: 27.523 loading class sun/nio/fs/WindowsChannelFactory$2 done
Event: 27.523 loading class java/nio/channels/Channels$1
Event: 27.523 loading class java/nio/channels/Channels$1 done
Event: 27.553 loading class java/lang/Throwable$WrappedPrintStream
Event: 27.553 loading class java/lang/Throwable$PrintStreamOrWriter
Event: 27.553 loading class java/lang/Throwable$PrintStreamOrWriter done
Event: 27.553 loading class java/lang/Throwable$WrappedPrintStream done
Event: 27.565 loading class com/sun/prism/GraphicsResource
Event: 27.565 loading class com/sun/prism/GraphicsResource done
Event: 27.565 loading class com/sun/prism/GraphicsResource
Event: 27.565 loading class com/sun/prism/GraphicsResource done


Dynamic libraries:
0x00007ff6a02e0000 - 0x00007ff6a02ed000 	C:\Program Files\Amazon Corretto\jdk11.0.14_10\bin\java.exe
0x00007fffe9c70000 - 0x00007fffe9e68000 	C:\Windows\SYSTEM32\ntdll.dll
0x00007fffe9ae0000 - 0x00007fffe9b9f000 	C:\Windows\System32\KERNEL32.DLL
0x00007fffe7880000 - 0x00007fffe7b76000 	C:\Windows\System32\KERNELBASE.dll
0x00007fffe7350000 - 0x00007fffe7450000 	C:\Windows\System32\ucrtbase.dll
0x00007fffd3730000 - 0x00007fffd3749000 	C:\Program Files\Amazon Corretto\jdk11.0.14_10\bin\VCRUNTIME140.dll
0x00007fffd3690000 - 0x00007fffd36a7000 	C:\Program Files\Amazon Corretto\jdk11.0.14_10\bin\jli.dll
0x00007fffe9790000 - 0x00007fffe992d000 	C:\Windows\System32\USER32.dll
0x00007fffe76f0000 - 0x00007fffe7712000 	C:\Windows\System32\win32u.dll
0x00007fffe9a40000 - 0x00007fffe9a6c000 	C:\Windows\System32\GDI32.dll
0x00007fffe7450000 - 0x00007fffe7565000 	C:\Windows\System32\gdi32full.dll
0x00007fffe7b80000 - 0x00007fffe7c1d000 	C:\Windows\System32\msvcp_win.dll
0x00007fffcaa40000 - 0x00007fffcacda000 	C:\Windows\WinSxS\amd64_microsoft.windows.common-controls_6595b64144ccf1df_6.0.19041.1110_none_60b5254171f9507e\COMCTL32.dll
0x00007fffe8d70000 - 0x00007fffe8e0e000 	C:\Windows\System32\msvcrt.dll
0x00007fffe8e10000 - 0x00007fffe8e40000 	C:\Windows\System32\IMM32.DLL
0x00007fffcd3f0000 - 0x00007fffcd48b000 	C:\Program Files\Amazon Corretto\jdk11.0.14_10\bin\msvcp140.dll
0x00007fff74990000 - 0x00007fff75513000 	C:\Program Files\Amazon Corretto\jdk11.0.14_10\bin\server\jvm.dll
0x00007fffe9930000 - 0x00007fffe99df000 	C:\Windows\System32\ADVAPI32.dll
0x00007fffe96e0000 - 0x00007fffe977c000 	C:\Windows\System32\sechost.dll
0x00007fffe8ec0000 - 0x00007fffe8fe6000 	C:\Windows\System32\RPCRT4.dll
0x00007fffe7cd0000 - 0x00007fffe7cd8000 	C:\Windows\System32\PSAPI.DLL
0x00007fffd4450000 - 0x00007fffd4459000 	C:\Windows\SYSTEM32\WSOCK32.dll
0x00007fffe9a70000 - 0x00007fffe9adb000 	C:\Windows\System32\WS2_32.dll
0x00007fffbe9f0000 - 0x00007fffbea17000 	C:\Windows\SYSTEM32\WINMM.dll
0x00007fffe1180000 - 0x00007fffe118a000 	C:\Windows\SYSTEM32\VERSION.dll
0x00007fffe5ba0000 - 0x00007fffe5bb2000 	C:\Windows\SYSTEM32\kernel.appcore.dll
0x00007fffdd720000 - 0x00007fffdd730000 	C:\Program Files\Amazon Corretto\jdk11.0.14_10\bin\verify.dll
0x00007fffdcde0000 - 0x00007fffdcfc4000 	C:\Windows\SYSTEM32\DBGHELP.DLL
0x00007fffd3b90000 - 0x00007fffd3bc4000 	C:\Windows\SYSTEM32\dbgcore.DLL
0x00007fffe7570000 - 0x00007fffe75f2000 	C:\Windows\System32\bcryptPrimitives.dll
0x00007fffc8cb0000 - 0x00007fffc8cd8000 	C:\Program Files\Amazon Corretto\jdk11.0.14_10\bin\java.dll
0x00007fffdd590000 - 0x00007fffdd59a000 	C:\Program Files\Amazon Corretto\jdk11.0.14_10\bin\jimage.dll
0x00007fffe1be0000 - 0x00007fffe1bee000 	C:\Program Files\Amazon Corretto\jdk11.0.14_10\bin\instrument.dll
0x00007fffd3600000 - 0x00007fffd3618000 	C:\Program Files\Amazon Corretto\jdk11.0.14_10\bin\zip.dll
0x00007fffe84e0000 - 0x00007fffe8c24000 	C:\Windows\System32\SHELL32.dll
0x00007fffe53f0000 - 0x00007fffe5b83000 	C:\Windows\SYSTEM32\windows.storage.dll
0x00007fffe9170000 - 0x00007fffe94c4000 	C:\Windows\System32\combase.dll
0x00007fffe6d40000 - 0x00007fffe6d6e000 	C:\Windows\SYSTEM32\Wldp.dll
0x00007fffe7e80000 - 0x00007fffe7f2d000 	C:\Windows\System32\SHCORE.dll
0x00007fffe8d10000 - 0x00007fffe8d65000 	C:\Windows\System32\shlwapi.dll
0x00007fffe7290000 - 0x00007fffe72af000 	C:\Windows\SYSTEM32\profapi.dll
0x00007fffd35d0000 - 0x00007fffd35e9000 	C:\Program Files\Amazon Corretto\jdk11.0.14_10\bin\net.dll
0x00007fffe2610000 - 0x00007fffe271a000 	C:\Windows\SYSTEM32\WINHTTP.dll
0x00007fffe6aa0000 - 0x00007fffe6b0a000 	C:\Windows\system32\mswsock.dll
0x00007fffd2fa0000 - 0x00007fffd2fb3000 	C:\Program Files\Amazon Corretto\jdk11.0.14_10\bin\nio.dll
0x00007fffd3f40000 - 0x00007fffd3f5a000 	C:\Program Files\JetBrains\IntelliJ IDEA Community Edition 2021.3.2\bin\breakgen64.dll
0x000002bb717e0000 - 0x000002bb717e3000 	C:\Program Files\Amazon Corretto\jdk11.0.14_10\bin\api-ms-win-core-console-l1-1-0.dll
0x000002bb717f0000 - 0x000002bb717f3000 	C:\Program Files\Amazon Corretto\jdk11.0.14_10\bin\api-ms-win-core-datetime-l1-1-0.dll
0x000002bb71800000 - 0x000002bb71803000 	C:\Program Files\Amazon Corretto\jdk11.0.14_10\bin\api-ms-win-core-debug-l1-1-0.dll
0x000002bb71810000 - 0x000002bb71813000 	C:\Program Files\Amazon Corretto\jdk11.0.14_10\bin\api-ms-win-core-errorhandling-l1-1-0.dll
0x000002bb71820000 - 0x000002bb71824000 	C:\Program Files\Amazon Corretto\jdk11.0.14_10\bin\api-ms-win-core-file-l1-1-0.dll
0x000002bb71830000 - 0x000002bb71833000 	C:\Program Files\Amazon Corretto\jdk11.0.14_10\bin\api-ms-win-core-file-l1-2-0.dll
0x000002bb7fd20000 - 0x000002bb7fd23000 	C:\Program Files\Amazon Corretto\jdk11.0.14_10\bin\api-ms-win-core-file-l2-1-0.dll
0x000002bb7fd30000 - 0x000002bb7fd33000 	C:\Program Files\Amazon Corretto\jdk11.0.14_10\bin\api-ms-win-core-handle-l1-1-0.dll
0x000002bb7fd40000 - 0x000002bb7fd43000 	C:\Program Files\Amazon Corretto\jdk11.0.14_10\bin\api-ms-win-core-heap-l1-1-0.dll
0x000002bb7fd50000 - 0x000002bb7fd53000 	C:\Program Files\Amazon Corretto\jdk11.0.14_10\bin\api-ms-win-core-interlocked-l1-1-0.dll
0x000002bb7fd60000 - 0x000002bb7fd63000 	C:\Program Files\Amazon Corretto\jdk11.0.14_10\bin\api-ms-win-core-libraryloader-l1-1-0.dll
0x000002bb7fd70000 - 0x000002bb7fd73000 	C:\Program Files\Amazon Corretto\jdk11.0.14_10\bin\api-ms-win-core-localization-l1-2-0.dll
0x000002bb7fd80000 - 0x000002bb7fd83000 	C:\Program Files\Amazon Corretto\jdk11.0.14_10\bin\api-ms-win-core-memory-l1-1-0.dll
0x000002bb7fd90000 - 0x000002bb7fd93000 	C:\Program Files\Amazon Corretto\jdk11.0.14_10\bin\api-ms-win-core-namedpipe-l1-1-0.dll
0x000002bb7fda0000 - 0x000002bb7fda3000 	C:\Program Files\Amazon Corretto\jdk11.0.14_10\bin\api-ms-win-core-processenvironment-l1-1-0.dll
0x000002bb7ffe0000 - 0x000002bb7ffe3000 	C:\Program Files\Amazon Corretto\jdk11.0.14_10\bin\api-ms-win-core-processthreads-l1-1-0.dll
0x000002bb7fff0000 - 0x000002bb7fff3000 	C:\Program Files\Amazon Corretto\jdk11.0.14_10\bin\api-ms-win-core-processthreads-l1-1-1.dll
0x000002bb7fdb0000 - 0x000002bb7fdb3000 	C:\Program Files\Amazon Corretto\jdk11.0.14_10\bin\api-ms-win-core-profile-l1-1-0.dll
0x000002bb7fdc0000 - 0x000002bb7fdc3000 	C:\Program Files\Amazon Corretto\jdk11.0.14_10\bin\api-ms-win-core-rtlsupport-l1-1-0.dll
0x000002bb7fdd0000 - 0x000002bb7fdd3000 	C:\Program Files\Amazon Corretto\jdk11.0.14_10\bin\api-ms-win-core-string-l1-1-0.dll
0x000002bb7fde0000 - 0x000002bb7fde3000 	C:\Program Files\Amazon Corretto\jdk11.0.14_10\bin\api-ms-win-core-synch-l1-1-0.dll
0x000002bb7fdf0000 - 0x000002bb7fdf3000 	C:\Program Files\Amazon Corretto\jdk11.0.14_10\bin\api-ms-win-core-synch-l1-2-0.dll
0x000002bb7fe00000 - 0x000002bb7fe03000 	C:\Program Files\Amazon Corretto\jdk11.0.14_10\bin\api-ms-win-core-sysinfo-l1-1-0.dll
0x000002bb7fe10000 - 0x000002bb7fe13000 	C:\Program Files\Amazon Corretto\jdk11.0.14_10\bin\api-ms-win-core-timezone-l1-1-0.dll
0x000002bb7fe20000 - 0x000002bb7fe23000 	C:\Program Files\Amazon Corretto\jdk11.0.14_10\bin\api-ms-win-core-util-l1-1-0.dll
0x000002bb7fe30000 - 0x000002bb7fe33000 	C:\Program Files\Amazon Corretto\jdk11.0.14_10\bin\api-ms-win-crt-conio-l1-1-0.dll
0x000002bb7fe40000 - 0x000002bb7fe44000 	C:\Program Files\Amazon Corretto\jdk11.0.14_10\bin\api-ms-win-crt-convert-l1-1-0.dll
0x000002bb7fe50000 - 0x000002bb7fe53000 	C:\Program Files\Amazon Corretto\jdk11.0.14_10\bin\api-ms-win-crt-environment-l1-1-0.dll
0x000002bb7fe60000 - 0x000002bb7fe63000 	C:\Program Files\Amazon Corretto\jdk11.0.14_10\bin\api-ms-win-crt-filesystem-l1-1-0.dll
0x000002bb7fe70000 - 0x000002bb7fe73000 	C:\Program Files\Amazon Corretto\jdk11.0.14_10\bin\api-ms-win-crt-heap-l1-1-0.dll
0x000002bb7fe80000 - 0x000002bb7fe83000 	C:\Program Files\Amazon Corretto\jdk11.0.14_10\bin\api-ms-win-crt-locale-l1-1-0.dll
0x000002bb7fe90000 - 0x000002bb7fe95000 	C:\Program Files\Amazon Corretto\jdk11.0.14_10\bin\api-ms-win-crt-math-l1-1-0.dll
0x000002bb7fea0000 - 0x000002bb7fea5000 	C:\Program Files\Amazon Corretto\jdk11.0.14_10\bin\api-ms-win-crt-multibyte-l1-1-0.dll
0x000002bb7feb0000 - 0x000002bb7fec0000 	C:\Program Files\Amazon Corretto\jdk11.0.14_10\bin\api-ms-win-crt-private-l1-1-0.dll
0x000002bb7fec0000 - 0x000002bb7fec3000 	C:\Program Files\Amazon Corretto\jdk11.0.14_10\bin\api-ms-win-crt-process-l1-1-0.dll
0x000002bb7fed0000 - 0x000002bb7fed4000 	C:\Program Files\Amazon Corretto\jdk11.0.14_10\bin\api-ms-win-crt-runtime-l1-1-0.dll
0x000002bb7fee0000 - 0x000002bb7fee4000 	C:\Program Files\Amazon Corretto\jdk11.0.14_10\bin\api-ms-win-crt-stdio-l1-1-0.dll
0x000002bb7fef0000 - 0x000002bb7fef4000 	C:\Program Files\Amazon Corretto\jdk11.0.14_10\bin\api-ms-win-crt-string-l1-1-0.dll
0x000002bb7ff00000 - 0x000002bb7ff03000 	C:\Program Files\Amazon Corretto\jdk11.0.14_10\bin\api-ms-win-crt-time-l1-1-0.dll
0x000002bb7ff10000 - 0x000002bb7ff13000 	C:\Program Files\Amazon Corretto\jdk11.0.14_10\bin\api-ms-win-crt-utility-l1-1-0.dll
0x00007fffac510000 - 0x00007fffac60c000 	C:\Program Files\Amazon Corretto\jdk11.0.14_10\bin\ucrtbase.dll
0x00007fffc2ba0000 - 0x00007fffc2bee000 	C:\Windows\System32\concrt140.dll
0x00007fffdbea0000 - 0x00007fffdbeac000 	C:\Windows\SYSTEM32\VCRUNTIME140_1.dll
0x00007fffcd380000 - 0x00007fffcd3a3000 	C:\Users\hello2\.openjfx\cache\11.0.2\prism_d3d.dll
0x00007fff954f0000 - 0x00007fff956bd000 	C:\Windows\system32\d3d9.dll
0x00007fffe4e30000 - 0x00007fffe4e5f000 	C:\Windows\SYSTEM32\dwmapi.dll
0x00007fffe4c30000 - 0x00007fffe4cce000 	C:\Windows\system32\uxtheme.dll
0x00007fffae1a0000 - 0x00007fffae342000 	C:\Windows\System32\DriverStore\FileRepository\iigd_dch.inf_amd64_d0b39b11619fd0c4\igdumdim64.dll
0x00007fffe83b0000 - 0x00007fffe84da000 	C:\Windows\System32\ole32.dll
0x00007fff33890000 - 0x00007fff374a0000 	C:\Windows\System32\DriverStore\FileRepository\iigd_dch.inf_amd64_d0b39b11619fd0c4\igd9dxva64.dll
0x00007fffe90a0000 - 0x00007fffe916d000 	C:\Windows\System32\OLEAUT32.dll
0x00007fffe7f40000 - 0x00007fffe83a8000 	C:\Windows\System32\SETUPAPI.dll
0x00007fffe7600000 - 0x00007fffe764e000 	C:\Windows\System32\cfgmgr32.dll
0x00007fffe7650000 - 0x00007fffe7677000 	C:\Windows\System32\bcrypt.dll
0x00007fffd7e90000 - 0x00007fffd8257000 	C:\Windows\System32\DriverStore\FileRepository\iigd_dch.inf_amd64_d0b39b11619fd0c4\igdgmm64.dll
0x00007fffc2b50000 - 0x00007fffc2b95000 	C:\Users\hello2\.openjfx\cache\11.0.2\glass.dll
0x00007fffe8c30000 - 0x00007fffe8d0a000 	C:\Windows\System32\COMDLG32.dll
0x00007fffe7d60000 - 0x00007fffe7e74000 	C:\Windows\System32\MSCTF.dll
0x00007fffbfd40000 - 0x00007fffbfd67000 	C:\Windows\System32\DriverStore\FileRepository\iigd_dch.inf_amd64_d0b39b11619fd0c4\igdinfo64.dll
0x00007fffd48d0000 - 0x00007fffd7e82000 	C:\Windows\System32\DriverStore\FileRepository\iigd_dch.inf_amd64_d0b39b11619fd0c4\igc64.dll
0x00007fffd9d10000 - 0x00007fffd9d4b000 	C:\Windows\SYSTEM32\dxcore.dll
0x00007fffcdc10000 - 0x00007fffcdc24000 	C:\Users\hello2\.openjfx\cache\11.0.2\javafx_font.dll
0x00007fffc6bb0000 - 0x00007fffc6e2f000 	C:\Windows\SYSTEM32\dwrite.dll
0x00007fffe8ff0000 - 0x00007fffe9099000 	C:\Windows\System32\clbcatq.dll
0x00007fffdaf90000 - 0x00007fffdb144000 	C:\Windows\SYSTEM32\WindowsCodecs.dll
0x00007fffba130000 - 0x00007fffba16e000 	C:\Windows\system32\dataexchange.dll
0x00007fffe3170000 - 0x00007fffe33d3000 	C:\Windows\system32\d3d11.dll
0x00007fffe3f60000 - 0x00007fffe4143000 	C:\Windows\system32\dcomp.dll
0x00007fffe5d30000 - 0x00007fffe5e23000 	C:\Windows\system32\dxgi.dll
0x00007fffe0380000 - 0x00007fffe0580000 	C:\Windows\system32\twinapi.appcore.dll
0x00007fffc2a10000 - 0x00007fffc2a44000 	C:\Program Files\Common Files\Microsoft Shared\Ink\rtscom.dll
0x00007fffc8a40000 - 0x00007fffc8b3a000 	C:\Windows\SYSTEM32\textinputframework.dll
0x00007fffe4830000 - 0x00007fffe4922000 	C:\Windows\System32\CoreMessaging.dll
0x00007fffe44d0000 - 0x00007fffe482e000 	C:\Windows\System32\CoreUIComponents.dll
0x00007fffe6490000 - 0x00007fffe64c3000 	C:\Windows\SYSTEM32\ntmarta.dll
0x00007fffe3e00000 - 0x00007fffe3f54000 	C:\Windows\SYSTEM32\wintypes.dll
0x00007fffbf180000 - 0x00007fffbf1e6000 	C:\Windows\system32\Oleacc.dll
0x00007fffbf210000 - 0x00007fffbf505000 	C:\Windows\SYSTEM32\UIAutomationCore.DLL
0x00007fffe29f0000 - 0x00007fffe2ae6000 	C:\Windows\SYSTEM32\PROPSYS.dll
0x00007fffc06b0000 - 0x00007fffc072f000 	C:\Windows\System32\OneCoreCommonProxyStub.dll

dbghelp: loaded successfully - version: 4.0.5 - missing functions: none
symbol engine: initialized successfully - sym options: 0x614 - pdb path: .;C:\Program Files\Amazon Corretto\jdk11.0.14_10\bin;C:\Windows\SYSTEM32;C:\Windows\WinSxS\amd64_microsoft.windows.common-controls_6595b64144ccf1df_6.0.19041.1110_none_60b5254171f9507e;C:\Program Files\Amazon Corretto\jdk11.0.14_10\bin\server;C:\Program Files\JetBrains\IntelliJ IDEA Community Edition 2021.3.2\bin;C:\Users\hello2\.openjfx\cache\11.0.2;C:\Windows\System32\DriverStore\FileRepository\iigd_dch.inf_amd64_d0b39b11619fd0c4;C:\Program Files\Common Files\Microsoft Shared\Ink

VM Arguments:
jvm_args: -javaagent:C:\Program Files\JetBrains\IntelliJ IDEA Community Edition 2021.3.2\lib\idea_rt.jar=50673:C:\Program Files\JetBrains\IntelliJ IDEA Community Edition 2021.3.2\bin -Dfile.encoding=UTF-8 --module-path=C:\Users\hello2\.m2\repository\org\openjfx\javafx-graphics\11.0.2\javafx-graphics-11.0.2-win.jar;C:\Users\hello2\.m2\repository\org\openjfx\javafx-web\11.0.2\javafx-web-11.0.2-win.jar;C:\Users\hello2\.m2\repository\eu\hansolo\tilesfx\11.48\tilesfx-11.48.jar;C:\Users\hello2\.m2\repository\org\openjfx\javafx-fxml\11.0.2\javafx-fxml-11.0.2-win.jar;C:\Users\hello2\.m2\repository\org\controlsfx\controlsfx\11.1.0\controlsfx-11.1.0.jar;C:\Users\hello2\.m2\repository\org\openjfx\javafx-controls\11.0.2\javafx-controls-11.0.2-win.jar;C:\Users\hello2\.m2\repository\org\kordamp\ikonli\ikonli-javafx\12.2.0\ikonli-javafx-12.2.0.jar;C:\Users\hello2\.m2\repository\net\synedra\validatorfx\0.1.13\validatorfx-0.1.13.jar;C:\Users\hello2\.m2\repository\org\openjfx\javafx-base\11.0.2\javafx-base-11.0.2-win.jar;C:\Users\hello2\.m2\repository\org\kordamp\ikonli\ikonli-core\12.2.0\ikonli-core-12.2.0.jar;C:\Users\hello2\IdeaProjects\TodoT\target\classes;C:\Users\hello2\.m2\repository\org\openjfx\javafx-media\11.0.2\javafx-media-11.0.2-win.jar;C:\Users\hello2\.m2\repository\org\kordamp\bootstrapfx\bootstrapfx-core\0.4.0\bootstrapfx-core-0.4.0.jar;C:\Users\hello2\.m2\repository\com\dlsc\formsfx\formsfx-core\11.3.2\formsfx-core-11.3.2.jar -Djdk.module.main=com.example.todot 
java_command: com.example.todot/com.example.todot.HelloApplication
java_class_path (initial): C:\Users\hello2\.m2\repository\org\openjfx\javafx-controls\11.0.2\javafx-controls-11.0.2.jar;C:\Users\hello2\.m2\repository\org\openjfx\javafx-graphics\11.0.2\javafx-graphics-11.0.2.jar;C:\Users\hello2\.m2\repository\org\openjfx\javafx-base\11.0.2\javafx-base-11.0.2.jar;C:\Users\hello2\.m2\repository\org\openjfx\javafx-fxml\11.0.2\javafx-fxml-11.0.2.jar;C:\Users\hello2\.m2\repository\org\openjfx\javafx-web\11.0.2\javafx-web-11.0.2.jar;C:\Users\hello2\.m2\repository\org\openjfx\javafx-media\11.0.2\javafx-media-11.0.2.jar
Launcher Type: SUN_STANDARD

[Global flags]
     intx CICompilerCount                          = 3                                         {product} {ergonomic}
     uint ConcGCThreads                            = 1                                         {product} {ergonomic}
     uint G1ConcRefinementThreads                  = 4                                         {product} {ergonomic}
   size_t G1HeapRegionSize                         = 1048576                                   {product} {ergonomic}
    uintx GCDrainStackTargetSize                   = 64                                        {product} {ergonomic}
   size_t InitialHeapSize                          = 266338304                                 {product} {ergonomic}
   size_t MarkStackSize                            = 4194304                                   {product} {ergonomic}
   size_t MaxHeapSize                              = 4259315712                                {product} {ergonomic}
   size_t MaxNewSize                               = 2555379712                                {product} {ergonomic}
   size_t MinHeapDeltaBytes                        = 1048576                                   {product} {ergonomic}
    uintx NonNMethodCodeHeapSize                   = 5830732                                {pd product} {ergonomic}
    uintx NonProfiledCodeHeapSize                  = 122913754                              {pd product} {ergonomic}
    uintx ProfiledCodeHeapSize                     = 122913754                              {pd product} {ergonomic}
    uintx ReservedCodeCacheSize                    = 251658240                              {pd product} {ergonomic}
     bool SegmentedCodeCache                       = true                                      {product} {ergonomic}
     bool UseCompressedClassPointers               = true                                 {lp64_product} {ergonomic}
     bool UseCompressedOops                        = true                                 {lp64_product} {ergonomic}
     bool UseG1GC                                  = true                                      {product} {ergonomic}
     bool UseLargePagesIndividualAllocation        = false                                  {pd product} {ergonomic}

Logging:
Log output configuration:
 #0: stdout all=warning uptime,level,tags
 #1: stderr all=off uptime,level,tags

Environment Variables:
JAVA_HOME=C:\Program Files\Amazon Corretto\jdk11.0.14_10
PATH=C:\Program Files\Amazon Corretto\jdk11.0.14_10\bin;%SystemRoot%\system32;%SystemRoot%;%SystemRoot%\System32\Wbem;%SYSTEMROOT%\System32\WindowsPowerShell\v1.0\;%SYSTEMROOT%\System32\OpenSSH\;C:\Program Files (x86)\Intel\Intel(R) Management Engine Components\DAL;C:\Program Files\Intel\Intel(R) Management Engine Components\DAL;C:\Program Files\Git\cmd;C:\Android;C:\Windows\System32;C:\scr\flutter\flutter\bin
USERNAME=hello2
OS=Windows_NT
PROCESSOR_IDENTIFIER=Intel64 Family 6 Model 142 Stepping 9, GenuineIntel



---------------  S Y S T E M  ---------------

OS: Windows 10 , 64 bit Build 19041 (10.0.19041.2913)
OS uptime: 3 days 7:49 hours

CPU:total 4 (initial active 4) (2 cores per cpu, 2 threads per core) family 6 model 142 stepping 9 microcode 0xd6, cmov, cx8, fxsr, mmx, sse, sse2, sse3, ssse3, sse4.1, sse4.2, popcnt, avx, avx2, aes, clmul, erms, rtm, 3dnowpref, lzcnt, ht, tsc, tscinvbit, bmi1, bmi2, adx, fma

Memory: 4k page, system-wide physical 16247M (5919M free)
TotalPageFile size 18679M (AvailPageFile size 4780M)
current process WorkingSet (physical memory assigned to process): 194M, peak: 203M
current process commit charge ("private bytes"): 429M, peak: 437M

vm_info: OpenJDK 64-Bit Server VM (11.0.14.1+10-LTS) for windows-amd64 JRE (11.0.14.1+10-LTS), built on Feb  8 2022 00:13:20 by "Administrator" with unknown MS VC++:1916

END.
